2024-10-31 13:54:26,926 [INFO] Activator:177 - 


2024-10-31 13:54:26,928 [INFO] Activator:178 - !SESSION log4j initialized
2024-10-31 13:54:46,244 [INFO] McuFinderGlobals:39 - Set McuFinder mode to 2 (CubeIDE integrated)
2024-10-31 13:54:46,727 [INFO] ApplicationProperties:181 - Using Application install path: C:\ST\STM32CubeIDE_1.7.0\STM32CubeIDE\plugins\com.st.stm32cube.common.mx_6.3.0.202107141111
2024-10-31 13:54:46,739 [INFO] DbMcusXml:74 - Set database path to: C:\ST\STM32CubeIDE_1.7.0\STM32CubeIDE\plugins\com.st.stm32cube.common.mx_6.3.0.202107141111\\db\/mcu/
2024-10-31 13:54:46,744 [INFO] DbBoardsPdsc:56 - Set plugin database path to: C:\ST\STM32CubeIDE_1.7.0\STM32CubeIDE\plugins\com.st.stm32cube.common.mx_6.3.0.202107141111\\db\/plugins/boardmanager/
2024-10-31 13:54:46,745 [INFO] DbMcus:258 - Set plugin images path to: C:\ST\STM32CubeIDE_1.7.0\STM32CubeIDE\plugins\com.st.stm32cube.common.mx_6.3.0.202107141111\\db\/plugins/mcufinder/images/
2024-10-31 13:54:46,745 [INFO] DbBoards:264 - Set plugin images path to: C:\ST\STM32CubeIDE_1.7.0\STM32CubeIDE\plugins\com.st.stm32cube.common.mx_6.3.0.202107141111\\db\/plugins/mcufinder/images/
2024-10-31 13:54:46,747 [INFO] DbExamples:333 - Set plugin images path to: C:\ST\STM32CubeIDE_1.7.0\STM32CubeIDE\plugins\com.st.stm32cube.common.mx_6.3.0.202107141111\\db\/plugins/mcufinder/images/
2024-10-31 13:54:46,757 [INFO] DbMcusAds:119 - Set database path to: C:\Users\Welcome\.stmcufinder\plugins\mcufinder//mcu/
2024-10-31 13:54:46,758 [INFO] DbMcusDocs:110 - Set database path to: C:\Users\Welcome\.stmcufinder\plugins\mcufinder//mcu/
2024-10-31 13:54:46,759 [INFO] DbMcusJson:64 - Set database path to: C:\Users\Welcome\.stmcufinder\plugins\mcufinder//mcu/
2024-10-31 13:54:46,760 [INFO] DbBoardsDocs:110 - Set database path to: C:\Users\Welcome\.stmcufinder\plugins\mcufinder//mcu/
2024-10-31 13:54:46,761 [INFO] DbBoardsJson:57 - Set database path to: C:\Users\Welcome\.stmcufinder\plugins\mcufinder//mcu/
2024-10-31 13:54:47,276 [INFO] CrossReferenceDbSqlite:196 - Set database path to: C:\Users\Welcome\.stmcufinder\plugins\mcufinder//mcu/cs/
2024-10-31 13:54:47,280 [INFO] DbExamplesSqlite:767 - Set database path to: C:\Users\Welcome\.stmcufinder\plugins\mcufinder//mcu/
2024-10-31 13:54:47,388 [INFO] RulesReader:57 - Compatibility file has been processed (242 Rules)
2024-10-31 13:54:47,471 [INFO] DbMcusXml:74 - Set database path to: C:\ST\STM32CubeIDE_1.7.0\STM32CubeIDE\plugins\com.st.stm32cube.common.mx_6.3.0.202107141111\\db\/mcu/
2024-10-31 13:54:47,472 [INFO] DbBoardsPdsc:56 - Set plugin database path to: C:\ST\STM32CubeIDE_1.7.0\STM32CubeIDE\plugins\com.st.stm32cube.common.mx_6.3.0.202107141111\\db\/plugins/boardmanager/
2024-10-31 13:54:47,472 [INFO] DbMcus:258 - Set plugin images path to: C:\ST\STM32CubeIDE_1.7.0\STM32CubeIDE\plugins\com.st.stm32cube.common.mx_6.3.0.202107141111\\db\/plugins/mcufinder/images/
2024-10-31 13:54:47,472 [INFO] DbBoards:264 - Set plugin images path to: C:\ST\STM32CubeIDE_1.7.0\STM32CubeIDE\plugins\com.st.stm32cube.common.mx_6.3.0.202107141111\\db\/plugins/mcufinder/images/
2024-10-31 13:54:47,472 [INFO] DbExamples:333 - Set plugin images path to: C:\ST\STM32CubeIDE_1.7.0\STM32CubeIDE\plugins\com.st.stm32cube.common.mx_6.3.0.202107141111\\db\/plugins/mcufinder/images/
2024-10-31 13:54:47,472 [WARN] DbFile:35 - Overriding database path with different value: C:\Users\Welcome\.stmcufinder\plugins\mcufinder/ => C:\Users\Welcome\.stmcufinder\plugins\mcufinder
2024-10-31 13:54:47,472 [INFO] DbMcusAds:119 - Set database path to: C:\Users\Welcome\.stmcufinder\plugins\mcufinder//mcu/
2024-10-31 13:54:47,472 [WARN] DbFile:35 - Overriding database path with different value: C:\Users\Welcome\.stmcufinder\plugins\mcufinder/ => C:\Users\Welcome\.stmcufinder\plugins\mcufinder
2024-10-31 13:54:47,472 [INFO] DbMcusDocs:110 - Set database path to: C:\Users\Welcome\.stmcufinder\plugins\mcufinder//mcu/
2024-10-31 13:54:47,472 [WARN] DbFile:35 - Overriding database path with different value: C:\Users\Welcome\.stmcufinder\plugins\mcufinder/ => C:\Users\Welcome\.stmcufinder\plugins\mcufinder
2024-10-31 13:54:47,472 [INFO] DbMcusJson:64 - Set database path to: C:\Users\Welcome\.stmcufinder\plugins\mcufinder//mcu/
2024-10-31 13:54:47,472 [WARN] DbFile:35 - Overriding database path with different value: C:\Users\Welcome\.stmcufinder\plugins\mcufinder/ => C:\Users\Welcome\.stmcufinder\plugins\mcufinder
2024-10-31 13:54:47,472 [INFO] DbBoardsDocs:110 - Set database path to: C:\Users\Welcome\.stmcufinder\plugins\mcufinder//mcu/
2024-10-31 13:54:47,473 [WARN] DbFile:35 - Overriding database path with different value: C:\Users\Welcome\.stmcufinder\plugins\mcufinder/ => C:\Users\Welcome\.stmcufinder\plugins\mcufinder
2024-10-31 13:54:47,473 [INFO] DbBoardsJson:57 - Set database path to: C:\Users\Welcome\.stmcufinder\plugins\mcufinder//mcu/
2024-10-31 13:54:47,473 [WARN] DbFile:35 - Overriding database path with different value: C:\Users\Welcome\.stmcufinder\plugins\mcufinder/ => C:\Users\Welcome\.stmcufinder\plugins\mcufinder
2024-10-31 13:54:47,473 [WARN] DbFile:35 - Overriding database path with different value: C:\Users\Welcome\.stmcufinder\plugins\mcufinder/ => C:\Users\Welcome\.stmcufinder\plugins\mcufinder
2024-10-31 13:54:48,287 [INFO] CrossReferenceDbSqlite:196 - Set database path to: C:\Users\Welcome\.stmcufinder\plugins\mcufinder//mcu/cs/
2024-10-31 13:54:48,287 [WARN] DbFile:35 - Overriding database path with different value: C:\Users\Welcome\.stmcufinder\plugins\mcufinder/ => C:\Users\Welcome\.stmcufinder\plugins\mcufinder
2024-10-31 13:54:48,288 [INFO] DbExamplesSqlite:767 - Set database path to: C:\Users\Welcome\.stmcufinder\plugins\mcufinder//mcu/
2024-10-31 13:54:48,357 [INFO] MainPanel:214 - HeapMemory: 268435456
2024-10-31 13:54:48,449 [INFO] DbMcusXml:74 - Set database path to: C:\ST\STM32CubeIDE_1.7.0\STM32CubeIDE\plugins\com.st.stm32cube.common.mx_6.3.0.202107141111\\db\/mcu/
2024-10-31 13:54:48,449 [INFO] DbBoardsPdsc:56 - Set plugin database path to: C:\ST\STM32CubeIDE_1.7.0\STM32CubeIDE\plugins\com.st.stm32cube.common.mx_6.3.0.202107141111\\db\/plugins/boardmanager/
2024-10-31 13:54:48,449 [INFO] DbMcus:258 - Set plugin images path to: C:\ST\STM32CubeIDE_1.7.0\STM32CubeIDE\plugins\com.st.stm32cube.common.mx_6.3.0.202107141111\\db\/plugins/mcufinder/images/
2024-10-31 13:54:48,449 [INFO] DbBoards:264 - Set plugin images path to: C:\ST\STM32CubeIDE_1.7.0\STM32CubeIDE\plugins\com.st.stm32cube.common.mx_6.3.0.202107141111\\db\/plugins/mcufinder/images/
2024-10-31 13:54:48,449 [INFO] DbExamples:333 - Set plugin images path to: C:\ST\STM32CubeIDE_1.7.0\STM32CubeIDE\plugins\com.st.stm32cube.common.mx_6.3.0.202107141111\\db\/plugins/mcufinder/images/
2024-10-31 13:54:48,450 [WARN] DbFile:35 - Overriding database path with different value: C:\Users\Welcome\.stmcufinder\plugins\mcufinder/ => C:\Users\Welcome\.stmcufinder\plugins\mcufinder
2024-10-31 13:54:48,450 [INFO] DbMcusAds:119 - Set database path to: C:\Users\Welcome\.stmcufinder\plugins\mcufinder//mcu/
2024-10-31 13:54:48,450 [WARN] DbFile:35 - Overriding database path with different value: C:\Users\Welcome\.stmcufinder\plugins\mcufinder/ => C:\Users\Welcome\.stmcufinder\plugins\mcufinder
2024-10-31 13:54:48,450 [INFO] DbMcusDocs:110 - Set database path to: C:\Users\Welcome\.stmcufinder\plugins\mcufinder//mcu/
2024-10-31 13:54:48,450 [WARN] DbFile:35 - Overriding database path with different value: C:\Users\Welcome\.stmcufinder\plugins\mcufinder/ => C:\Users\Welcome\.stmcufinder\plugins\mcufinder
2024-10-31 13:54:48,450 [INFO] DbMcusJson:64 - Set database path to: C:\Users\Welcome\.stmcufinder\plugins\mcufinder//mcu/
2024-10-31 13:54:48,450 [WARN] DbFile:35 - Overriding database path with different value: C:\Users\Welcome\.stmcufinder\plugins\mcufinder/ => C:\Users\Welcome\.stmcufinder\plugins\mcufinder
2024-10-31 13:54:48,450 [INFO] DbBoardsDocs:110 - Set database path to: C:\Users\Welcome\.stmcufinder\plugins\mcufinder//mcu/
2024-10-31 13:54:48,450 [WARN] DbFile:35 - Overriding database path with different value: C:\Users\Welcome\.stmcufinder\plugins\mcufinder/ => C:\Users\Welcome\.stmcufinder\plugins\mcufinder
2024-10-31 13:54:48,450 [INFO] DbBoardsJson:57 - Set database path to: C:\Users\Welcome\.stmcufinder\plugins\mcufinder//mcu/
2024-10-31 13:54:48,450 [WARN] DbFile:35 - Overriding database path with different value: C:\Users\Welcome\.stmcufinder\plugins\mcufinder/ => C:\Users\Welcome\.stmcufinder\plugins\mcufinder
2024-10-31 13:54:48,450 [WARN] DbFile:35 - Overriding database path with different value: C:\Users\Welcome\.stmcufinder\plugins\mcufinder/ => C:\Users\Welcome\.stmcufinder\plugins\mcufinder
2024-10-31 13:54:49,285 [INFO] CrossReferenceDbSqlite:196 - Set database path to: C:\Users\Welcome\.stmcufinder\plugins\mcufinder//mcu/cs/
2024-10-31 13:54:49,286 [WARN] DbFile:35 - Overriding database path with different value: C:\Users\Welcome\.stmcufinder\plugins\mcufinder/ => C:\Users\Welcome\.stmcufinder\plugins\mcufinder
2024-10-31 13:54:49,286 [INFO] DbExamplesSqlite:767 - Set database path to: C:\Users\Welcome\.stmcufinder\plugins\mcufinder//mcu/
2024-10-31 13:54:49,305 [INFO] ApplicationProperties:181 - Using Application install path: C:\ST\STM32CubeIDE_1.7.0\STM32CubeIDE\plugins\com.st.stm32cube.common.mx_6.3.0.202107141111
2024-10-31 13:54:49,306 [INFO] PluginManage:188 - Search for loadable plugins [exclusion list=, ]
2024-10-31 13:54:49,308 [INFO] PluginManage:302 - Check plugin analytics
2024-10-31 13:54:50,331 [INFO] AnalyticsPlugin:257 - Accepted Software Licenses: 
2024-10-31 13:54:50,331 [INFO] AnalyticsPlugin:259 - Accepted CMSIS Pack Licenses: 
2024-10-31 13:54:50,331 [INFO] AnalyticsPlugin:261 - Accepted Firmware Licenses: 
2024-10-31 13:54:50,331 [INFO] PluginManage:352 - Loaded plugin analytics (category:tool,tabindex:-1)
2024-10-31 13:54:50,332 [INFO] PluginManage:302 - Check plugin clock
2024-10-31 13:54:50,351 [INFO] PluginManage:352 - Loaded plugin clock (category:base,tabindex:2)
2024-10-31 13:54:50,351 [INFO] PluginManage:302 - Check plugin ddr
2024-10-31 13:54:50,354 [INFO] PluginManage:352 - Loaded plugin ddr (category:tool,tabindex:6)
2024-10-31 13:54:50,354 [INFO] PluginManage:302 - Check plugin filemanager
2024-10-31 13:54:50,471 [INFO] PluginManage:352 - Loaded plugin filemanager (category:base,tabindex:10)
2024-10-31 13:54:50,471 [INFO] PluginManage:302 - Check plugin ipmanager
2024-10-31 13:54:50,480 [INFO] PluginManage:352 - Loaded plugin ipmanager (category:base,tabindex:5)
2024-10-31 13:54:50,480 [INFO] PluginManage:302 - Check plugin pinoutandconfiguration
2024-10-31 13:54:50,495 [INFO] PluginManage:352 - Loaded plugin pinoutandconfiguration (category:base,tabindex:1)
2024-10-31 13:54:50,496 [INFO] PluginManage:302 - Check plugin pinoutconfig
2024-10-31 13:54:50,529 [INFO] PluginManage:352 - Loaded plugin pinoutconfig (category:base,tabindex:0)
2024-10-31 13:54:50,529 [INFO] PluginManage:302 - Check plugin power
2024-10-31 13:54:50,550 [INFO] PluginManage:352 - Loaded plugin power (category:power,tabindex:4)
2024-10-31 13:54:50,551 [INFO] PluginManage:302 - Check plugin projectmanager
2024-10-31 13:54:50,566 [INFO] PluginManage:352 - Loaded plugin projectmanager (category:projectmanager,tabindex:3)
2024-10-31 13:54:50,566 [INFO] PluginManage:302 - Check plugin thirdparty
2024-10-31 13:54:50,796 [INFO] PluginManage:352 - Loaded plugin thirdparty (category:base,tabindex:-1)
2024-10-31 13:54:50,797 [INFO] PluginManage:302 - Check plugin tools
2024-10-31 13:54:50,797 [WARN] IntegrityCheckThread:78 - waiting for thirdparty lock release [integrity check]
2024-10-31 13:54:50,798 [INFO] IntegrityCheckThread:80 - entering critical section [integrity check]
2024-10-31 13:54:50,798 [INFO] ThirdPartyUpdaterWithRetryManager:66 - Updater plugin not ready yet. [1/15]
2024-10-31 13:54:50,863 [INFO] PluginManage:352 - Loaded plugin tools (category:base,tabindex:7)
2024-10-31 13:54:50,863 [INFO] PluginManage:302 - Check plugin tutovideos
2024-10-31 13:54:51,070 [INFO] PluginManage:352 - Loaded plugin tutovideos (category:base,tabindex:-1)
2024-10-31 13:54:51,070 [INFO] PluginManage:302 - Check plugin updater
2024-10-31 13:54:51,086 [INFO] PluginManage:352 - Loaded plugin updater (category:base,tabindex:12)
2024-10-31 13:54:51,087 [INFO] PluginManage:275 - PluginManage : Loaded plugins [13]
2024-10-31 13:54:51,262 [INFO] PinOutPanel:1463 - setPackage(No Configuration,No Configuration)
2024-10-31 13:54:51,367 [INFO] IPUIPlugin:74 - create IPUIPlugin
2024-10-31 13:54:51,367 [INFO] PluginManager:213 - loadIPPluginJar : add adc
2024-10-31 13:54:51,435 [INFO] IPUIPlugin:74 - create IPUIPlugin
2024-10-31 13:54:51,436 [INFO] PluginManager:213 - loadIPPluginJar : add aes
2024-10-31 13:54:51,511 [INFO] IPUIPlugin:74 - create IPUIPlugin
2024-10-31 13:54:51,513 [INFO] PluginManager:213 - loadIPPluginJar : add can
2024-10-31 13:54:51,564 [INFO] IPUIPlugin:74 - create IPUIPlugin
2024-10-31 13:54:51,564 [INFO] PluginManager:213 - loadIPPluginJar : add comp
2024-10-31 13:54:51,620 [INFO] IPUIPlugin:74 - create IPUIPlugin
2024-10-31 13:54:51,620 [INFO] PluginManager:213 - loadIPPluginJar : add cryp
2024-10-31 13:54:51,678 [INFO] IPUIPlugin:74 - create IPUIPlugin
2024-10-31 13:54:51,678 [INFO] PluginManager:213 - loadIPPluginJar : add dfsdm
2024-10-31 13:54:51,695 [INFO] IPUIPlugin:74 - create IPUIPlugin
2024-10-31 13:54:51,695 [INFO] PluginManager:213 - loadIPPluginJar : add dma
2024-10-31 13:54:51,764 [INFO] IPUIPlugin:74 - create IPUIPlugin
2024-10-31 13:54:51,764 [INFO] PluginManager:213 - loadIPPluginJar : add dma3
2024-10-31 13:54:51,809 [INFO] IPUIPlugin:74 - create IPUIPlugin
2024-10-31 13:54:51,809 [INFO] PluginManager:213 - loadIPPluginJar : add fatfs
2024-10-31 13:54:51,889 [INFO] IPUIPlugin:74 - create IPUIPlugin
2024-10-31 13:54:51,890 [INFO] PluginManager:213 - loadIPPluginJar : add fmc
2024-10-31 13:54:51,906 [INFO] IPUIPlugin:74 - create IPUIPlugin
2024-10-31 13:54:51,906 [INFO] PluginManager:213 - loadIPPluginJar : add freertos
2024-10-31 13:54:51,949 [INFO] IPUIPlugin:74 - create IPUIPlugin
2024-10-31 13:54:51,949 [INFO] PluginManager:213 - loadIPPluginJar : add genericplugin
2024-10-31 13:54:52,079 [INFO] IPUIPlugin:74 - create IPUIPlugin
2024-10-31 13:54:52,079 [INFO] PluginManager:213 - loadIPPluginJar : add gfxmmu
2024-10-31 13:54:52,483 [INFO] IPUIPlugin:74 - create IPUIPlugin
2024-10-31 13:54:52,483 [INFO] PluginManager:213 - loadIPPluginJar : add gic
2024-10-31 13:54:52,500 [INFO] IPUIPlugin:74 - create IPUIPlugin
2024-10-31 13:54:52,500 [INFO] PluginManager:213 - loadIPPluginJar : add gpio
2024-10-31 13:54:52,624 [INFO] IPUIPlugin:74 - create IPUIPlugin
2024-10-31 13:54:52,624 [INFO] PluginManager:213 - loadIPPluginJar : add gtzc
2024-10-31 13:54:52,666 [INFO] IPUIPlugin:74 - create IPUIPlugin
2024-10-31 13:54:52,666 [INFO] PluginManager:213 - loadIPPluginJar : add hash
2024-10-31 13:54:52,749 [INFO] IPUIPlugin:74 - create IPUIPlugin
2024-10-31 13:54:52,749 [INFO] PluginManager:213 - loadIPPluginJar : add i2c
2024-10-31 13:54:52,822 [INFO] IPUIPlugin:74 - create IPUIPlugin
2024-10-31 13:54:52,822 [INFO] PluginManager:213 - loadIPPluginJar : add i2s
2024-10-31 13:54:52,836 [INFO] IPUIPlugin:74 - create IPUIPlugin
2024-10-31 13:54:52,836 [INFO] PluginManager:213 - loadIPPluginJar : add ipddr
2024-10-31 13:54:52,968 [INFO] IPUIPlugin:74 - create IPUIPlugin
2024-10-31 13:54:52,968 [INFO] PluginManager:213 - loadIPPluginJar : add linkedlist
2024-10-31 13:54:53,025 [INFO] IPUIPlugin:74 - create IPUIPlugin
2024-10-31 13:54:53,025 [INFO] PluginManager:213 - loadIPPluginJar : add lorawan
2024-10-31 13:54:53,096 [INFO] IPUIPlugin:74 - create IPUIPlugin
2024-10-31 13:54:53,096 [INFO] PluginManager:213 - loadIPPluginJar : add ltdc
2024-10-31 13:54:53,109 [INFO] IPUIPlugin:74 - create IPUIPlugin
2024-10-31 13:54:53,109 [INFO] PluginManager:213 - loadIPPluginJar : add mdma
2024-10-31 13:54:53,123 [INFO] IPUIPlugin:74 - create IPUIPlugin
2024-10-31 13:54:53,123 [INFO] PluginManager:213 - loadIPPluginJar : add nvic
2024-10-31 13:54:53,184 [INFO] IPUIPlugin:74 - create IPUIPlugin
2024-10-31 13:54:53,184 [INFO] PluginManager:213 - loadIPPluginJar : add opamp
2024-10-31 13:54:53,276 [INFO] IPUIPlugin:74 - create IPUIPlugin
2024-10-31 13:54:53,277 [INFO] PluginManager:213 - loadIPPluginJar : add openamp
2024-10-31 13:54:53,348 [INFO] IPUIPlugin:74 - create IPUIPlugin
2024-10-31 13:54:53,348 [INFO] PluginManager:213 - loadIPPluginJar : add pdm2pcm
2024-10-31 13:54:53,382 [INFO] IPUIPlugin:74 - create IPUIPlugin
2024-10-31 13:54:53,386 [INFO] PluginManager:213 - loadIPPluginJar : add plateformsettings
2024-10-31 13:54:53,455 [INFO] IPUIPlugin:74 - create IPUIPlugin
2024-10-31 13:54:53,455 [INFO] PluginManager:213 - loadIPPluginJar : add quadspi
2024-10-31 13:54:53,485 [INFO] IPUIPlugin:74 - create IPUIPlugin
2024-10-31 13:54:53,486 [INFO] PluginManager:213 - loadIPPluginJar : add resmgrutility
2024-10-31 13:54:53,576 [INFO] IPUIPlugin:74 - create IPUIPlugin
2024-10-31 13:54:53,577 [INFO] PluginManager:213 - loadIPPluginJar : add sai
2024-10-31 13:54:53,647 [INFO] IPUIPlugin:74 - create IPUIPlugin
2024-10-31 13:54:53,648 [INFO] PluginManager:213 - loadIPPluginJar : add spi
2024-10-31 13:54:53,754 [INFO] IPUIPlugin:74 - create IPUIPlugin
2024-10-31 13:54:53,754 [INFO] PluginManager:213 - loadIPPluginJar : add stm32_wpan
2024-10-31 13:54:53,799 [INFO] ThirdPartyUpdaterWithRetryManager:66 - Updater plugin not ready yet. [2/15]
2024-10-31 13:54:53,802 [INFO] IPUIPlugin:74 - create IPUIPlugin
2024-10-31 13:54:53,803 [INFO] PluginManager:213 - loadIPPluginJar : add tim
2024-10-31 13:54:53,903 [INFO] IPUIPlugin:74 - create IPUIPlugin
2024-10-31 13:54:53,903 [INFO] PluginManager:213 - loadIPPluginJar : add touchsensing
2024-10-31 13:54:53,938 [INFO] IPUIPlugin:74 - create IPUIPlugin
2024-10-31 13:54:53,938 [INFO] PluginManager:213 - loadIPPluginJar : add tracer_emb
2024-10-31 13:54:53,982 [INFO] IPUIPlugin:74 - create IPUIPlugin
2024-10-31 13:54:53,983 [INFO] PluginManager:213 - loadIPPluginJar : add ts
2024-10-31 13:54:54,037 [INFO] IPUIPlugin:74 - create IPUIPlugin
2024-10-31 13:54:54,037 [INFO] PluginManager:213 - loadIPPluginJar : add tsc
2024-10-31 13:54:54,085 [INFO] IPUIPlugin:74 - create IPUIPlugin
2024-10-31 13:54:54,085 [INFO] PluginManager:213 - loadIPPluginJar : add ucpd
2024-10-31 13:54:54,166 [INFO] IPUIPlugin:74 - create IPUIPlugin
2024-10-31 13:54:54,166 [INFO] PluginManager:213 - loadIPPluginJar : add usart
2024-10-31 13:54:54,230 [INFO] IPUIPlugin:74 - create IPUIPlugin
2024-10-31 13:54:54,230 [INFO] PluginManager:213 - loadIPPluginJar : add usbx
2024-10-31 13:54:54,525 [FATAL] Updater:294 - Updater called before beeing initialized
2024-10-31 13:54:54,642 [FATAL] Updater:294 - Updater called before beeing initialized
2024-10-31 13:54:54,654 [INFO] DbMcusAds:47 - JSON generation date=Fri Sep 20 20:04:23 ICT 2024 (1726837463113)
2024-10-31 13:54:54,654 [FATAL] Updater:294 - Updater called before beeing initialized
2024-10-31 13:54:54,740 [WARN] DetailPanel:314 - Failed to get advertising image, set to default
2024-10-31 13:54:54,839 [FATAL] Updater:294 - Updater called before beeing initialized
2024-10-31 13:54:54,841 [FATAL] Updater:294 - Updater called before beeing initialized
2024-10-31 13:54:54,841 [FATAL] Updater:294 - Updater called before beeing initialized
2024-10-31 13:54:54,841 [WARN] DetailPanel:314 - Failed to get advertising image, set to default
2024-10-31 13:54:54,843 [FATAL] Updater:294 - Updater called before beeing initialized
2024-10-31 13:54:54,902 [ERROR] Updater:1075 - MainUpdater not yet initialized. External WinMGr cannot be set.
2024-10-31 13:54:54,916 [INFO] Updater:1012 - Updater Version found : 6.3.0
2024-10-31 13:54:54,938 [INFO] ApplicationProperties:181 - Using Application install path: C:\ST\STM32CubeIDE_1.7.0\STM32CubeIDE\plugins\com.st.stm32cube.common.mx_6.3.0.202107141111
2024-10-31 13:54:55,232 [INFO] MainUpdater:2671 - connection check result : 10
2024-10-31 13:54:55,232 [INFO] MainUpdater:3359 - Updater definition file requires update
2024-10-31 13:54:55,234 [INFO] MainUpdater:265 - Updater Check For Update Now.
2024-10-31 13:54:55,235 [INFO] MicroXplorer:478 - Change Database Version : DB.6.0.30
2024-10-31 13:54:55,412 [INFO] ServerAccessManage:362 - Download File updaters.zip
2024-10-31 13:54:55,549 [INFO] FileExtend:235 - Unzip File : updaters.zip
2024-10-31 13:54:55,549 [INFO] FileExtend:250 - Standard Zip Deflate
2024-10-31 13:54:56,519 [INFO] ServerAccessManage:362 - Download File PacksControlFlags.xml
2024-10-31 13:54:56,836 [WARN] MainUpdater:1122 - Updater busy. Cannot search thirdparties
2024-10-31 13:54:56,836 [INFO] ThirdPartyUpdaterWithRetryManager:92 - Updater plugin is busy. [1/15]
2024-10-31 13:54:56,961 [INFO] ServerAccessManage:362 - Download File cubemx.pidx
2024-10-31 13:54:58,720 [INFO] ServerAccessManage:362 - Download File STMicroelectronics.X-CUBE-IPS.pdsc
2024-10-31 13:54:59,839 [WARN] MainUpdater:1122 - Updater busy. Cannot search thirdparties
2024-10-31 13:54:59,840 [INFO] ThirdPartyUpdaterWithRetryManager:92 - Updater plugin is busy. [2/15]
2024-10-31 13:55:00,168 [INFO] ServerAccessManage:362 - Download File STMicroelectronics.X-CUBE-WB05N.pdsc
2024-10-31 13:55:00,836 [WARN] PopulateThirdPartyThread:100 - Error when creating pack: C:/Users/Welcome/.stm32cubemx/thirdparties/pdsc/STMicroelectronics.X-CUBE-IPS.pdsc
2024-10-31 13:55:00,888 [WARN] PackLoader:238 - Cannot read IP mode file for STMicroelectronics.X-CUBE-WB05N.1.1.0
2024-10-31 13:55:00,892 [INFO] PopulateThirdPartyThread:60 - Ending populate Thread
2024-10-31 13:55:00,893 [INFO] ThirdParty:967 - CMSIS Pack Vendor :STMicroelectronics X-CUBE-WB05N 1.1.0
2024-10-31 13:55:00,893 [INFO] LoadServerUpdatesThread:339 - End of LoadServerUpdate Thread
2024-10-31 13:55:01,049 [INFO] CheckServerUpdateThread:112 - End of CheckServer Thread
2024-10-31 13:55:01,109 [INFO] MainUpdater:2671 - connection check result : 10
2024-10-31 13:55:01,160 [INFO] McuFinderGlobals:52 - Set McuFinderConnectedMode to true
2024-10-31 13:55:01,338 [INFO] ServerAccessManage:362 - Download File mcusAds.json._tmp_
2024-10-31 13:55:01,450 [INFO] LoadUrlFilesThread:145 - End of LoadUrlFiles Thread
2024-10-31 13:55:02,373 [INFO] ServerAccessManage:362 - Download File mcusDocs.json._tmp_
2024-10-31 13:55:02,853 [WARN] MainUpdater:1122 - Updater busy. Cannot search thirdparties
2024-10-31 13:55:02,853 [INFO] ThirdPartyUpdaterWithRetryManager:92 - Updater plugin is busy. [3/15]
2024-10-31 13:55:03,106 [INFO] LoadUrlFilesThread:145 - End of LoadUrlFiles Thread
2024-10-31 13:55:03,531 [INFO] ServerAccessManage:362 - Download File mcusFeaturesAndDescription.json._tmp_
2024-10-31 13:55:05,171 [INFO] LoadUrlFilesThread:145 - End of LoadUrlFiles Thread
2024-10-31 13:55:05,605 [INFO] ServerAccessManage:362 - Download File boardsDocs.json._tmp_
2024-10-31 13:55:05,726 [INFO] LoadUrlFilesThread:145 - End of LoadUrlFiles Thread
2024-10-31 13:55:05,862 [WARN] MainUpdater:1122 - Updater busy. Cannot search thirdparties
2024-10-31 13:55:05,864 [INFO] ThirdPartyUpdaterWithRetryManager:92 - Updater plugin is busy. [4/15]
2024-10-31 13:55:06,911 [INFO] ServerAccessManage:362 - Download File boards.json._tmp_
2024-10-31 13:55:07,631 [INFO] LoadUrlFilesThread:145 - End of LoadUrlFiles Thread
2024-10-31 13:55:07,803 [INFO] ServerAccessManage:362 - Download File cube-finder-db.zip
2024-10-31 13:55:08,874 [WARN] MainUpdater:1122 - Updater busy. Cannot search thirdparties
2024-10-31 13:55:08,874 [INFO] ThirdPartyUpdaterWithRetryManager:92 - Updater plugin is busy. [5/15]
2024-10-31 13:55:11,245 [INFO] FileExtend:235 - Unzip File : cube-finder-db.zip
2024-10-31 13:55:11,245 [INFO] FileExtend:250 - Standard Zip Deflate
2024-10-31 13:55:11,905 [WARN] MainUpdater:1122 - Updater busy. Cannot search thirdparties
2024-10-31 13:55:11,905 [INFO] ThirdPartyUpdaterWithRetryManager:92 - Updater plugin is busy. [6/15]
2024-10-31 13:55:12,658 [INFO] LoadUrlFilesThread:145 - End of LoadUrlFiles Thread
2024-10-31 13:55:14,913 [WARN] MainUpdater:1122 - Updater busy. Cannot search thirdparties
2024-10-31 13:55:14,913 [INFO] ThirdPartyUpdaterWithRetryManager:92 - Updater plugin is busy. [7/15]
2024-10-31 13:55:15,437 [INFO] ServerAccessManage:362 - Download File crdb.zip
2024-10-31 13:55:16,940 [INFO] FileExtend:235 - Unzip File : crdb.zip
2024-10-31 13:55:16,941 [INFO] FileExtend:250 - Standard Zip Deflate
2024-10-31 13:55:17,078 [INFO] LoadUrlFilesThread:145 - End of LoadUrlFiles Thread
2024-10-31 13:55:17,304 [INFO] ServerAccessManage:362 - Download File tutoVideoDB.zip
2024-10-31 13:55:17,343 [INFO] FileExtend:235 - Unzip File : tutoVideoDB.zip
2024-10-31 13:55:17,343 [INFO] FileExtend:250 - Standard Zip Deflate
2024-10-31 13:55:17,463 [INFO] LoadUrlFilesThread:145 - End of LoadUrlFiles Thread
2024-10-31 13:55:17,467 [INFO] DbMcusAds:47 - JSON generation date=Fri Sep 20 20:04:38 ICT 2024 (1726837478367)
2024-10-31 13:55:17,492 [INFO] DbMcusDocs:143 - JSON generation date=Tue Nov 16 23:17:54 ICT 2021 (1637079474)
2024-10-31 13:55:17,493 [INFO] DbMcusXml:100 - Load MCU database from C:\ST\STM32CubeIDE_1.7.0\STM32CubeIDE\plugins\com.st.stm32cube.common.mx_6.3.0.202107141111\\db\/mcu/families.xml
2024-10-31 13:55:18,222 [ERROR] Engine:463 - C:\Users\Welcome\.stm32cubemx\thirdparties\pdsc\STMicroelectronics.FP-SNS-MOTENVWB1.1.4.0.pdsc: PDSC version is not supported
2024-10-31 13:55:18,245 [ERROR] Engine:463 - C:\Users\Welcome\.stm32cubemx\thirdparties\pdsc\STMicroelectronics.X-CUBE-SMBUS.2.1.0.pdsc: PDSC version is not supported
2024-10-31 13:55:18,283 [WARN] PackLoader:238 - Cannot read IP mode file for STMicroelectronics.X-CUBE-WB05N.1.1.0
2024-10-31 13:55:18,359 [WARN] PackLoader:238 - Cannot read IP mode file for STMicroelectronics.X-CUBE-AZRTOS-F7.1.1.0
2024-10-31 13:55:18,524 [WARN] PackLoader:238 - Cannot read IP mode file for STMicroelectronics.X-CUBE-MEMS1.11.0.0
2024-10-31 13:55:18,969 [INFO] DbMcusJson:93 - JSON generation date=Tue Nov 16 23:17:54 ICT 2021 (1637079474)
2024-10-31 13:55:19,205 [ERROR] Engine:463 - C:\Users\Welcome\.stm32cubemx\thirdparties\pdsc\STMicroelectronics.FP-SNS-FLIGHT1.5.0.2.pdsc: PDSC version is not supported
2024-10-31 13:55:19,232 [ERROR] Engine:463 - C:\Users\Welcome\.stm32cubemx\thirdparties\pdsc\STMicroelectronics.X-CUBE-DISPLAY.3.0.0.pdsc: PDSC version is not supported
2024-10-31 13:55:19,258 [WARN] PackLoader:238 - Cannot read IP mode file for STMicroelectronics.X-CUBE-BLE1.7.0.0
2024-10-31 13:55:19,305 [WARN] PackLoader:238 - Cannot read IP mode file for STMicroelectronics.X-CUBE-NFC10.1.0.0
2024-10-31 13:55:19,330 [ERROR] Engine:463 - C:\Users\Welcome\.stm32cubemx\thirdparties\pdsc\emotas.I-CUBE-CANOPEN.1.3.0.pdsc: PDSC version is not supported
2024-10-31 13:55:19,350 [ERROR] Engine:463 - C:\Users\Welcome\.stm32cubemx\thirdparties\pdsc\STMicroelectronics.X-CUBE-BLEMGR.3.1.0.pdsc: PDSC version is not supported
2024-10-31 13:55:19,366 [ERROR] Engine:463 - C:\Users\Welcome\.stm32cubemx\thirdparties\pdsc\STMicroelectronics.FP-SNS-SMARTAG2.1.2.0.pdsc: PDSC version is not supported
2024-10-31 13:55:19,422 [INFO] LogOutputStream:76 - [STDOUT_REDIRECT] 1 : Invalid condition id : UX_CORESTACK_Condition cause : null
2024-10-31 13:55:19,425 [INFO] LogOutputStream:76 - [STDOUT_REDIRECT] 1 : Invalid condition id : UX_CORESTACK_Condition cause : null
2024-10-31 13:55:19,426 [INFO] LogOutputStream:76 - [STDOUT_REDIRECT] 1 : Invalid condition id : UX_CORESTACK_Condition cause : null
2024-10-31 13:55:19,427 [INFO] LogOutputStream:76 - [STDOUT_REDIRECT] 1 : Invalid condition id : UX_CORESTACK_Condition cause : null
2024-10-31 13:55:19,428 [INFO] LogOutputStream:76 - [STDOUT_REDIRECT] 1 : Invalid condition id : UX_CORESTACK_Condition cause : null
2024-10-31 13:55:19,436 [WARN] PackLoader:238 - Cannot read IP mode file for STMicroelectronics.X-CUBE-AZRTOS-WL.2.0.0
2024-10-31 13:55:19,457 [ERROR] Engine:463 - C:\Users\Welcome\.stm32cubemx\thirdparties\pdsc\STMicroelectronics.FP-SNS-MOTENV1.5.0.0.pdsc: PDSC version is not supported
2024-10-31 13:55:19,463 [WARN] PackLoader:238 - Cannot read IP mode file for wolfSSL.I-CUBE-wolfMQTT.1.19.0
2024-10-31 13:55:19,484 [WARN] PackLoader:238 - Cannot read IP mode file for WES.I-CUBE-Cesium.1.3.0
2024-10-31 13:55:19,512 [WARN] PackLoader:238 - Cannot read IP mode file for STMicroelectronics.X-CUBE-BLE2.3.3.0
2024-10-31 13:55:19,543 [WARN] PackLoader:238 - Cannot read IP mode file for STMicroelectronics.X-CUBE-NFC9.1.0.0
2024-10-31 13:55:19,593 [ERROR] Engine:463 - C:\Users\Welcome\.stm32cubemx\thirdparties\pdsc\STMicroelectronics.X-CUBE-TCPP.4.1.0.pdsc: PDSC version is not supported
2024-10-31 13:55:19,775 [WARN] PackLoader:238 - Cannot read IP mode file for STMicroelectronics.X-CUBE-AZRTOS-G0.1.1.0
2024-10-31 13:55:19,822 [WARN] PackLoader:238 - Cannot read IP mode file for STMicroelectronics.X-CUBE-SAFEA1.1.2.2
2024-10-31 13:55:19,854 [WARN] PackLoader:238 - Cannot read IP mode file for STMicroelectronics.X-CUBE-NFC4.3.0.0
2024-10-31 13:55:19,874 [ERROR] Engine:463 - C:\Users\Welcome\.stm32cubemx\thirdparties\pdsc\EmbeddedOffice.I-CUBE-FS-RTOS.1.0.1.pdsc: PDSC version is not supported
2024-10-31 13:55:19,889 [ERROR] Engine:463 - C:\Users\Welcome\.stm32cubemx\thirdparties\pdsc\RealThread.X-CUBE-RT-Thread_Nano.4.1.1.pdsc: PDSC version is not supported
2024-10-31 13:55:19,946 [WARN] PackLoader:238 - Cannot read IP mode file for STMicroelectronics.FP-ATR-SIGFOX1.3.2.0
2024-10-31 13:55:19,961 [WARN] PackLoader:238 - Cannot read IP mode file for wolfSSL.I-CUBE-wolfSSL.5.7.2
2024-10-31 13:55:19,983 [WARN] PackLoader:238 - Cannot read IP mode file for STMicroelectronics.X-CUBE-EEPRMA1.5.1.0
2024-10-31 13:55:20,005 [ERROR] Engine:463 - C:\Users\Welcome\.stm32cubemx\thirdparties\pdsc\ITTIA_DB.I-CUBE-ITTIADB.8.9.0.pdsc: PDSC version is not supported
2024-10-31 13:55:20,143 [WARN] PackLoader:238 - Cannot read IP mode file for SEGGER.I-CUBE-embOS.1.3.1
2024-10-31 13:55:20,302 [WARN] PackLoader:238 - Cannot read IP mode file for STMicroelectronics.X-CUBE-ALGOBUILD.1.4.0
2024-10-31 13:55:20,350 [WARN] PackLoader:238 - Cannot read IP mode file for STMicroelectronics.X-CUBE-AI.9.1.0
2024-10-31 13:55:20,395 [INFO] DbMcus:175 - Found 1951 MCUs (1903 are supported by CubeMX, 1914 are visible in CubeMX)
2024-10-31 13:55:20,402 [INFO] ApiDb:251 - Load user favorites file C:\Users\Welcome/.stm32cubeide/favorites.mcus.txt: 0 item(s)
2024-10-31 13:55:20,402 [INFO] ApiDb:255 - User favorites MCUs=[]
2024-10-31 13:55:20,402 [INFO] DbMcus:187 - Set 0 / 0 favorites MCUs
2024-10-31 13:55:20,412 [WARN] PackLoader:238 - Cannot read IP mode file for STMicroelectronics.X-CUBE-GNSS1.6.0.0
2024-10-31 13:55:20,492 [WARN] PackLoader:238 - Cannot read IP mode file for STMicroelectronics.X-CUBE-AZRTOS-F4.1.1.0
2024-10-31 13:55:20,519 [ERROR] Engine:463 - C:\Users\Welcome\.stm32cubemx\thirdparties\pdsc\STMicroelectronics.X-CUBE-FREERTOS.1.2.0.pdsc: PDSC version is not supported
2024-10-31 13:55:20,569 [WARN] PackLoader:238 - Cannot read IP mode file for STMicroelectronics.X-CUBE-AZRTOS-L5.2.0.0
2024-10-31 13:55:20,622 [WARN] PackLoader:238 - Cannot read IP mode file for STMicroelectronics.X-CUBE-NFC6.3.1.0
2024-10-31 13:55:20,650 [ERROR] Engine:463 - C:\Users\Welcome\.stm32cubemx\thirdparties\pdsc\STMicroelectronics.X-CUBE-DPower.1.2.0.pdsc: PDSC version is not supported
2024-10-31 13:55:20,678 [WARN] PackLoader:238 - Cannot read IP mode file for STMicroelectronics.X-CUBE-AI.9.0.0
2024-10-31 13:55:20,709 [WARN] PackLoader:238 - Cannot read IP mode file for STMicroelectronics.X-CUBE-NFC7.1.0.1
2024-10-31 13:55:20,763 [WARN] ConditionMgr:437 - getConditionDescription Invalid condition id : LAN8742 Phy interface Condition cause : null
2024-10-31 13:55:20,764 [WARN] PackLoader:238 - Cannot read IP mode file for STMicroelectronics.X-CUBE-AZRTOS-L4.2.0.0
2024-10-31 13:55:20,767 [WARN] ConditionMgr:1038 - genDependencies : Invalid condition id : LAN8742 Phy interface Condition cause : null
2024-10-31 13:55:20,767 [WARN] ConditionMgr:1038 - genDependencies : Invalid condition id : LAN8742 Phy interface Condition cause : null
2024-10-31 13:55:20,768 [WARN] ConditionMgr:1038 - genDependencies : Invalid condition id : LAN8742 Phy interface Condition cause : null
2024-10-31 13:55:20,802 [WARN] PackLoader:238 - Cannot read IP mode file for STMicroelectronics.X-CUBE-SFXS2LP1.4.0.0
2024-10-31 13:55:20,859 [WARN] PackLoader:238 - Cannot read IP mode file for STMicroelectronics.X-CUBE-AZRTOS-H7.3.3.0
2024-10-31 13:55:20,880 [ERROR] Engine:463 - C:\Users\Welcome\.stm32cubemx\thirdparties\pdsc\STMicroelectronics.X-CUBE-IPS.3.0.0.pdsc: PDSC version is not supported
2024-10-31 13:55:20,908 [WARN] ConditionMgr:437 - getConditionDescription Invalid condition id : UX DEVICE CLASS RTOS Condition cause : null
2024-10-31 13:55:20,908 [WARN] ConditionMgr:437 - getConditionDescription Invalid condition id : UX DEVICE CLASS RTOS Condition cause : null
2024-10-31 13:55:20,911 [WARN] PackLoader:238 - Cannot read IP mode file for STMicroelectronics.X-CUBE-AZRTOS-WB.2.0.0
2024-10-31 13:55:20,911 [WARN] ConditionMgr:1038 - genDependencies : Invalid condition id : UX DEVICE CLASS RTOS Condition cause : null
2024-10-31 13:55:20,911 [WARN] ConditionMgr:1038 - genDependencies : Invalid condition id : UX DEVICE CLASS RTOS Condition cause : null
2024-10-31 13:55:20,913 [WARN] ConditionMgr:1038 - genDependencies : Invalid condition id : UX DEVICE CLASS RTOS Condition cause : null
2024-10-31 13:55:20,913 [WARN] ConditionMgr:1038 - genDependencies : Invalid condition id : UX DEVICE CLASS RTOS Condition cause : null
2024-10-31 13:55:20,913 [WARN] ConditionMgr:1038 - genDependencies : Invalid condition id : UX DEVICE CLASS RTOS Condition cause : null
2024-10-31 13:55:20,933 [WARN] PackLoader:238 - Cannot read IP mode file for STMicroelectronics.X-CUBE-GNSS1.7.0.0
2024-10-31 13:55:20,948 [ERROR] Engine:463 - C:\Users\Welcome\.stm32cubemx\thirdparties\pdsc\STMicroelectronics.FP-SNS-STBOX1.2.0.0.pdsc: PDSC version is not supported
2024-10-31 13:55:20,984 [WARN] PackLoader:238 - Cannot read IP mode file for STMicroelectronics.X-CUBE-SUBG2.5.0.0
2024-10-31 13:55:20,996 [ERROR] Engine:463 - C:\Users\Welcome\.stm32cubemx\thirdparties\pdsc\Cesanta.I-CUBE-Mongoose.7.13.0.pdsc: PDSC version is not supported
2024-10-31 13:55:21,026 [WARN] PackLoader:238 - Cannot read IP mode file for STMicroelectronics.X-CUBE-AZRTOS-G4.2.0.0
2024-10-31 13:55:21,044 [WARN] PackLoader:238 - Cannot read IP mode file for STMicroelectronics.X-CUBE-ISPU.2.0.0
2024-10-31 13:55:21,060 [ERROR] Engine:463 - C:\Users\Welcome\.stm32cubemx\thirdparties\pdsc\STMicroelectronics.X-CUBE-ALS.1.0.2.pdsc: PDSC version is not supported
2024-10-31 13:55:21,076 [WARN] PackLoader:238 - Cannot read IP mode file for STMicroelectronics.X-CUBE-TOUCHGFX.4.24.0
2024-10-31 13:55:21,091 [WARN] PackLoader:238 - Cannot read IP mode file for STMicroelectronics.X-CUBE-TOUCHGFX.4.24.1
2024-10-31 13:55:21,096 [WARN] PackLoader:238 - Cannot read IP mode file for wolfSSL.I-CUBE-wolfTPM.3.4.0
2024-10-31 13:55:21,112 [WARN] PackLoader:238 - Cannot read IP mode file for portGmbH.I-Cube-SoM-uGOAL.1.1.0
2024-10-31 13:55:21,151 [WARN] PackLoader:238 - Cannot read IP mode file for STMicroelectronics.X-CUBE-AZRTOS-H7RS.1.0.0
2024-10-31 13:55:21,161 [WARN] PackLoader:238 - Cannot read IP mode file for STMicroelectronics.FP-ATR-ASTRA1.2.0.0
2024-10-31 13:55:21,169 [INFO] DbMcusDocs:79 - Found 682 MCUs documents
2024-10-31 13:55:21,172 [INFO] ApiDb:276 - Save user favorites file C:\Users\Welcome/.stm32cubeide/favorites.mcus.txt: 0 item(s)
2024-10-31 13:55:21,173 [INFO] ApiDb:280 - User favorites MCUs=[]
2024-10-31 13:55:21,173 [INFO] DbMcusXml:100 - Load MCU database from C:\ST\STM32CubeIDE_1.7.0\STM32CubeIDE\plugins\com.st.stm32cube.common.mx_6.3.0.202107141111\\db\/mcu/families.xml
2024-10-31 13:55:21,183 [ERROR] Engine:463 - C:\Users\Welcome\.stm32cubemx\thirdparties\pdsc\STMicroelectronics.X-CUBE-TOF1.3.4.2.pdsc: PDSC version is not supported
2024-10-31 13:55:21,208 [ERROR] Engine:463 - C:\Users\Welcome\.stm32cubemx\thirdparties\pdsc\Infineon.AIROC-Wi-Fi-Bluetooth-STM32.1.6.1.pdsc: PDSC version is not supported
2024-10-31 13:55:21,212 [WARN] PackLoader:238 - Cannot read IP mode file for wolfSSL.I-CUBE-wolfSSH.1.4.17
2024-10-31 13:55:21,212 [INFO] ThirdParty:915 - Integrity check success = true
2024-10-31 13:55:21,212 [INFO] IntegrityCheckThread:94 - exiting critical section [integrity check]
2024-10-31 13:55:21,212 [INFO] IntegrityCheckThread:97 - End integrity checks thread
2024-10-31 13:55:22,551 [INFO] DbMcusJson:93 - JSON generation date=Tue Nov 16 23:17:54 ICT 2021 (1637079474)
2024-10-31 13:55:23,820 [INFO] DbMcus:175 - Found 1951 MCUs (1903 are supported by CubeMX, 1914 are visible in CubeMX)
2024-10-31 13:55:23,821 [INFO] ApiDb:251 - Load user favorites file C:\Users\Welcome/.stm32cubeide/favorites.mcus.txt: 0 item(s)
2024-10-31 13:55:23,821 [INFO] ApiDb:255 - User favorites MCUs=[]
2024-10-31 13:55:23,822 [INFO] DbMcus:187 - Set 0 / 0 favorites MCUs
2024-10-31 13:55:23,830 [INFO] DbBoardsDocs:143 - JSON generation date=Tue Nov 16 23:17:54 ICT 2021 (1637079474)
2024-10-31 13:55:23,857 [INFO] DbBoardsPdsc:90 - Found 25 items
2024-10-31 13:55:23,873 [INFO] DbBoardsPdsc:90 - Found 9 items
2024-10-31 13:55:23,893 [INFO] DbBoardsPdsc:90 - Found 33 items
2024-10-31 13:55:23,908 [INFO] DbBoardsPdsc:90 - Found 1 items
2024-10-31 13:55:23,952 [INFO] DbBoardsPdsc:90 - Found 48 items
2024-10-31 13:55:23,984 [INFO] DbBoardsPdsc:90 - Found 43 items
2024-10-31 13:55:24,003 [INFO] DbBoardsPdsc:90 - Found 2 items
2024-10-31 13:55:24,021 [INFO] DbBoardsPdsc:90 - Found 5 items
2024-10-31 13:55:24,029 [WARN] DbBoardsPdsc:254 - Board STM32H7B3I-DK: unknown feature type=Audio, name=, username=Audio stereo codec with Headphone Amp (CS42L51-CNZ), n=1
2024-10-31 13:55:24,029 [WARN] DbBoardsPdsc:254 - Board STM32H735G-DK: unknown feature type=Audio, name=, username=Audio stereo codec with Headphone Amp (WM8994ECS/R), n=1
2024-10-31 13:55:24,032 [WARN] DbBoardsPdsc:254 - Board STM32H7B3I-EVAL: unknown feature type=Audio, name=, username=Multi-Channel Audio Codec (CS42L51-CNZ), n=1
2024-10-31 13:55:24,033 [WARN] DbBoardsPdsc:254 - Board STM32H7B3I-EVAL: unknown feature type=Meter, name=, username=Power-metering and Temperature-monitoring with sigma-delta modulators, n=1
2024-10-31 13:55:24,033 [WARN] DbBoardsPdsc:254 - Board STM32H7B3I-EVAL: unknown feature type=Motor, name=, username=Motor Control, n=1
2024-10-31 13:55:24,034 [WARN] DbBoardsPdsc:254 - Board STM32U575I-EV: unknown feature type=joystick, name=, username=4-direction joystick with selection button, n=1
2024-10-31 13:55:24,065 [INFO] DbBoardsJson:86 - JSON generation date=Tue Nov 16 23:17:54 ICT 2021 (1637079474)
2024-10-31 13:55:24,075 [INFO] DbBoards:117 - Found 167 boards (163 are supported by CubeMX)
2024-10-31 13:55:24,078 [INFO] DbBoardsDocs:143 - JSON generation date=Tue Nov 16 23:17:54 ICT 2021 (1637079474)
2024-10-31 13:55:24,084 [INFO] DbBoardsDocs:79 - Found 209 boards documents
2024-10-31 13:55:24,086 [WARN] DbBoards:127 - board B-L475E-IOT01A2 has no document id list !
2024-10-31 13:55:24,088 [WARN] DbBoards:127 - board NUCLEO-H743ZI has no document id list !
2024-10-31 13:55:24,089 [WARN] DbBoards:127 - board NUCLEO-WL55JC2 has no document id list !
2024-10-31 13:55:24,089 [WARN] DbBoards:127 - board P-NUCLEO-WB55-Nucleo has no document id list !
2024-10-31 13:55:24,090 [WARN] DbBoards:127 - board P-NUCLEO-WB55-USBDongle has no document id list !
2024-10-31 13:55:24,090 [WARN] DbBoards:127 - board STEVAL-BFA001V1B has no document id list !
2024-10-31 13:55:24,090 [WARN] DbBoards:127 - board STEVAL-BFA001V2B has no document id list !
2024-10-31 13:55:24,090 [WARN] DbBoards:127 - board STEVAL-IDP005V1 has no document id list !
2024-10-31 13:55:24,090 [WARN] DbBoards:127 - board STEVAL-IDP005V2 has no document id list !
2024-10-31 13:55:24,090 [WARN] DbBoards:127 - board STEVAL-MKSBOX1V1 has no document id list !
2024-10-31 13:55:24,090 [WARN] DbBoards:127 - board STEVAL-STWINKT1 has no document id list !
2024-10-31 13:55:24,090 [WARN] DbBoards:127 - board STEVAL-STWINKT1B has no document id list !
2024-10-31 13:55:24,091 [WARN] DbBoards:127 - board STM32439I-EVAL2 has no document id list !
2024-10-31 13:55:24,091 [WARN] DbBoards:127 - board STM32F401C-DISCO has no document id list !
2024-10-31 13:55:24,092 [WARN] DbBoards:127 - board STM32F769I-DISC1 has no document id list !
2024-10-31 13:55:24,093 [WARN] DbBoards:127 - board STM32G474E-EVAL1 has no document id list !
2024-10-31 13:55:24,093 [WARN] DbBoards:127 - board STM32H743I-EVAL2 has no document id list !
2024-10-31 13:55:24,093 [WARN] DbBoards:127 - board STM32H747I-DISC1 has no document id list !
2024-10-31 13:55:24,094 [WARN] DbBoards:127 - board STM32H753I-EVAL2 has no document id list !
2024-10-31 13:55:24,113 [WARN] DbBoards:127 - board STM32L-DISCOVERY has no document id list !
2024-10-31 13:55:24,297 [ERROR] DbBoards:189 - Image file not found for board B-U585I-IOT02A: C:\ST\STM32CubeIDE_1.7.0\STM32CubeIDE\plugins\com.st.stm32cube.common.mx_6.3.0.202107141111\\db\/plugins/mcufinder/images/boards/B-U585I-IOT02A_small.jpg
2024-10-31 13:55:24,485 [ERROR] DbBoards:189 - Image file not found for board NUCLEO-F413ZH: C:\ST\STM32CubeIDE_1.7.0\STM32CubeIDE\plugins\com.st.stm32cube.common.mx_6.3.0.202107141111\\db\/plugins/mcufinder/images/boards/nucleo-f413zh_small.jpg
2024-10-31 13:55:24,908 [ERROR] DbBoards:189 - Image file not found for board NUCLEO-L552ZE-Q: C:\ST\STM32CubeIDE_1.7.0\STM32CubeIDE\plugins\com.st.stm32cube.common.mx_6.3.0.202107141111\\db\/plugins/mcufinder/images/boards/nucleo_l552ze_q_small.jpg
2024-10-31 13:55:24,908 [ERROR] DbBoards:189 - Image file not found for board NUCLEO-U575ZI-Q: C:\ST\STM32CubeIDE_1.7.0\STM32CubeIDE\plugins\com.st.stm32cube.common.mx_6.3.0.202107141111\\db\/plugins/mcufinder/images/boards/nucleo-u575zi-q_small.jpg
2024-10-31 13:55:24,908 [ERROR] DbBoards:189 - Image file not found for board NUCLEO-WB15CC: C:\ST\STM32CubeIDE_1.7.0\STM32CubeIDE\plugins\com.st.stm32cube.common.mx_6.3.0.202107141111\\db\/plugins/mcufinder/images/boards/nucleo-wb15cc_small.jpg
2024-10-31 13:55:24,908 [ERROR] DbBoards:189 - Image file not found for board NUCLEO-WB55RG: C:\ST\STM32CubeIDE_1.7.0\STM32CubeIDE\plugins\com.st.stm32cube.common.mx_6.3.0.202107141111\\db\/plugins/mcufinder/images/boards/nucleo-wb55rg_small.jpg
2024-10-31 13:55:28,578 [INFO] ApiDb:251 - Load user favorites file C:\Users\Welcome/.stm32cubeide/favorites.boards.txt: 0 item(s)
2024-10-31 13:55:28,578 [INFO] ApiDb:255 - User favorites Boards=[]
2024-10-31 13:55:28,578 [INFO] DbBoards:206 - Set 0 / 0 favorites Boards
2024-10-31 13:55:28,584 [INFO] DbBoardsDocs:79 - Found 418 boards documents
2024-10-31 13:55:28,584 [INFO] ApiDb:276 - Save user favorites file C:\Users\Welcome/.stm32cubeide/favorites.boards.txt: 0 item(s)
2024-10-31 13:55:28,585 [INFO] ApiDb:280 - User favorites Boards=[]
2024-10-31 13:55:28,590 [INFO] DbBoardsPdsc:90 - Found 25 items
2024-10-31 13:55:28,593 [INFO] DbBoardsPdsc:90 - Found 9 items
2024-10-31 13:55:28,598 [INFO] DbBoardsPdsc:90 - Found 33 items
2024-10-31 13:55:28,600 [INFO] DbBoardsPdsc:90 - Found 1 items
2024-10-31 13:55:28,607 [INFO] DbBoardsPdsc:90 - Found 48 items
2024-10-31 13:55:28,616 [INFO] DbBoardsPdsc:90 - Found 43 items
2024-10-31 13:55:28,617 [INFO] DbBoardsPdsc:90 - Found 2 items
2024-10-31 13:55:28,621 [INFO] DbBoardsPdsc:90 - Found 5 items
2024-10-31 13:55:28,623 [WARN] DbBoardsPdsc:254 - Board STM32H7B3I-DK: unknown feature type=Audio, name=, username=Audio stereo codec with Headphone Amp (CS42L51-CNZ), n=1
2024-10-31 13:55:28,624 [WARN] DbBoardsPdsc:254 - Board STM32H735G-DK: unknown feature type=Audio, name=, username=Audio stereo codec with Headphone Amp (WM8994ECS/R), n=1
2024-10-31 13:55:28,625 [WARN] DbBoardsPdsc:254 - Board STM32H7B3I-EVAL: unknown feature type=Audio, name=, username=Multi-Channel Audio Codec (CS42L51-CNZ), n=1
2024-10-31 13:55:28,625 [WARN] DbBoardsPdsc:254 - Board STM32H7B3I-EVAL: unknown feature type=Meter, name=, username=Power-metering and Temperature-monitoring with sigma-delta modulators, n=1
2024-10-31 13:55:28,625 [WARN] DbBoardsPdsc:254 - Board STM32H7B3I-EVAL: unknown feature type=Motor, name=, username=Motor Control, n=1
2024-10-31 13:55:28,626 [WARN] DbBoardsPdsc:254 - Board STM32U575I-EV: unknown feature type=joystick, name=, username=4-direction joystick with selection button, n=1
2024-10-31 13:55:28,655 [INFO] DbBoardsJson:86 - JSON generation date=Tue Nov 16 23:17:54 ICT 2021 (1637079474)
2024-10-31 13:55:28,663 [INFO] DbBoards:117 - Found 167 boards (163 are supported by CubeMX)
2024-10-31 13:55:28,663 [WARN] DbBoards:127 - board B-L475E-IOT01A2 has no document id list !
2024-10-31 13:55:28,666 [WARN] DbBoards:127 - board NUCLEO-H743ZI has no document id list !
2024-10-31 13:55:28,667 [WARN] DbBoards:127 - board NUCLEO-WL55JC2 has no document id list !
2024-10-31 13:55:28,667 [WARN] DbBoards:127 - board P-NUCLEO-WB55-Nucleo has no document id list !
2024-10-31 13:55:28,667 [WARN] DbBoards:127 - board P-NUCLEO-WB55-USBDongle has no document id list !
2024-10-31 13:55:28,667 [WARN] DbBoards:127 - board STEVAL-BFA001V1B has no document id list !
2024-10-31 13:55:28,667 [WARN] DbBoards:127 - board STEVAL-BFA001V2B has no document id list !
2024-10-31 13:55:28,667 [WARN] DbBoards:127 - board STEVAL-IDP005V1 has no document id list !
2024-10-31 13:55:28,667 [WARN] DbBoards:127 - board STEVAL-IDP005V2 has no document id list !
2024-10-31 13:55:28,667 [WARN] DbBoards:127 - board STEVAL-MKSBOX1V1 has no document id list !
2024-10-31 13:55:28,667 [WARN] DbBoards:127 - board STEVAL-STWINKT1 has no document id list !
2024-10-31 13:55:28,667 [WARN] DbBoards:127 - board STEVAL-STWINKT1B has no document id list !
2024-10-31 13:55:28,667 [WARN] DbBoards:127 - board STM32439I-EVAL2 has no document id list !
2024-10-31 13:55:28,668 [WARN] DbBoards:127 - board STM32F401C-DISCO has no document id list !
2024-10-31 13:55:28,668 [WARN] DbBoards:127 - board STM32F769I-DISC1 has no document id list !
2024-10-31 13:55:28,668 [WARN] DbBoards:127 - board STM32G474E-EVAL1 has no document id list !
2024-10-31 13:55:28,669 [WARN] DbBoards:127 - board STM32H743I-EVAL2 has no document id list !
2024-10-31 13:55:28,669 [WARN] DbBoards:127 - board STM32H747I-DISC1 has no document id list !
2024-10-31 13:55:28,669 [WARN] DbBoards:127 - board STM32H753I-EVAL2 has no document id list !
2024-10-31 13:55:28,669 [WARN] DbBoards:127 - board STM32L-DISCOVERY has no document id list !
2024-10-31 13:55:28,829 [ERROR] DbBoards:189 - Image file not found for board B-U585I-IOT02A: C:\ST\STM32CubeIDE_1.7.0\STM32CubeIDE\plugins\com.st.stm32cube.common.mx_6.3.0.202107141111\\db\/plugins/mcufinder/images/boards/B-U585I-IOT02A_small.jpg
2024-10-31 13:55:28,985 [ERROR] DbBoards:189 - Image file not found for board NUCLEO-F413ZH: C:\ST\STM32CubeIDE_1.7.0\STM32CubeIDE\plugins\com.st.stm32cube.common.mx_6.3.0.202107141111\\db\/plugins/mcufinder/images/boards/nucleo-f413zh_small.jpg
2024-10-31 13:55:29,261 [ERROR] DbBoards:189 - Image file not found for board NUCLEO-L552ZE-Q: C:\ST\STM32CubeIDE_1.7.0\STM32CubeIDE\plugins\com.st.stm32cube.common.mx_6.3.0.202107141111\\db\/plugins/mcufinder/images/boards/nucleo_l552ze_q_small.jpg
2024-10-31 13:55:29,262 [ERROR] DbBoards:189 - Image file not found for board NUCLEO-U575ZI-Q: C:\ST\STM32CubeIDE_1.7.0\STM32CubeIDE\plugins\com.st.stm32cube.common.mx_6.3.0.202107141111\\db\/plugins/mcufinder/images/boards/nucleo-u575zi-q_small.jpg
2024-10-31 13:55:29,262 [ERROR] DbBoards:189 - Image file not found for board NUCLEO-WB15CC: C:\ST\STM32CubeIDE_1.7.0\STM32CubeIDE\plugins\com.st.stm32cube.common.mx_6.3.0.202107141111\\db\/plugins/mcufinder/images/boards/nucleo-wb15cc_small.jpg
2024-10-31 13:55:29,262 [ERROR] DbBoards:189 - Image file not found for board NUCLEO-WB55RG: C:\ST\STM32CubeIDE_1.7.0\STM32CubeIDE\plugins\com.st.stm32cube.common.mx_6.3.0.202107141111\\db\/plugins/mcufinder/images/boards/nucleo-wb55rg_small.jpg
2024-10-31 13:55:33,199 [INFO] ApiDb:251 - Load user favorites file C:\Users\Welcome/.stm32cubeide/favorites.boards.txt: 0 item(s)
2024-10-31 13:55:33,199 [INFO] ApiDb:255 - User favorites Boards=[]
2024-10-31 13:55:33,199 [INFO] DbBoards:206 - Set 0 / 0 favorites Boards
2024-10-31 13:55:33,217 [INFO] LoadUrlFilesThread:172 - End of LoadServerUrlFiles without Thread
2024-10-31 13:55:33,217 [INFO] TargetSelectorAdapter:224 - Refresh data is successful
2024-10-31 13:55:33,413 [INFO] ApiDb:479 - Connected to CubeFinder SQLite database (C:\Users\Welcome\.stmcufinder\plugins\mcufinder\mcu\cube-finder-db.db)
2024-10-31 13:55:34,858 [ERROR] DbExamplesSqlite:446 - Missing JSON key: board_cpn
2024-10-31 13:55:34,859 [ERROR] DbExamplesSqlite:446 - Missing JSON key: board_cpn
2024-10-31 13:55:34,859 [ERROR] DbExamplesSqlite:446 - Missing JSON key: board_cpn
2024-10-31 13:55:34,859 [ERROR] DbExamplesSqlite:446 - Missing JSON key: board_cpn
2024-10-31 13:55:35,095 [ERROR] DbExamplesSqlite:446 - Missing JSON key: board_cpn
2024-10-31 13:55:35,096 [ERROR] DbExamplesSqlite:446 - Missing JSON key: board_cpn
2024-10-31 13:55:35,096 [ERROR] DbExamplesSqlite:446 - Missing JSON key: board_cpn
2024-10-31 13:55:35,097 [ERROR] DbExamplesSqlite:446 - Missing JSON key: board_cpn
2024-10-31 13:55:35,097 [ERROR] DbExamplesSqlite:446 - Missing JSON key: board_cpn
2024-10-31 13:55:35,097 [ERROR] DbExamplesSqlite:446 - Missing JSON key: board_cpn
2024-10-31 13:55:35,097 [ERROR] DbExamplesSqlite:446 - Missing JSON key: board_cpn
2024-10-31 13:55:35,098 [ERROR] DbExamplesSqlite:446 - Missing JSON key: board_cpn
2024-10-31 13:55:35,098 [ERROR] DbExamplesSqlite:446 - Missing JSON key: board_cpn
2024-10-31 13:55:35,119 [INFO] DbExamplesSqlite:411 - Ignored 28 examples not supported by CubeIDE
2024-10-31 13:55:35,120 [INFO] DbExamplesSqlite:412 - Found 8617 examples active
2024-10-31 13:55:35,121 [INFO] DbExamplesSqlite:413 - Found 0 examples obsolete
2024-10-31 13:55:35,122 [INFO] DbExamplesSqlite:414 - Found 0 examples under development
2024-10-31 13:55:35,122 [INFO] DbExamplesSqlite:415 - Found 10 examples not building
2024-10-31 13:55:35,228 [INFO] DbExamplesSqlite:108 - CubeFinder database Data Model version=2.1
2024-10-31 13:55:35,228 [INFO] DbExamplesSqlite:109 - CubeFinder database Configuration version=3.0.39
2024-10-31 13:55:35,229 [INFO] DbExamplesSqlite:110 - CubeFinder database generation date=2024-10-15 (1729006872)
2024-10-31 13:55:35,229 [INFO] DbExamplesSqlite:111 - CubeFinder database FW Pack versions=[FP-ATR-ASTRA1_V2.0.0, FP-SNS-FLIGHT1_V5.0.2, FP-SNS-MOTENV1_V5.0.0, FP-SNS-MOTENVWB1_V1.4.0, FP-SNS-SMARTAG2_V1.2.0, FP-SNS-STBOX1_V2.0.0, STM32Cube_FW_C0_V1.2.0, STM32Cube_FW_F4_V1.28.1, STM32Cube_FW_F7_V1.17.2, STM32Cube_FW_G0_V1.6.2, STM32Cube_FW_G4_V1.6.0, STM32Cube_FW_H5_V1.3.0, STM32Cube_FW_H7RS_V1.1.0, STM32Cube_FW_H7_V1.11.2, STM32Cube_FW_L0_V1.12.2, STM32Cube_FW_L5_V1.5.1, STM32Cube_FW_U0_V1.1.0, STM32Cube_FW_U5_V1.6.0, STM32Cube_FW_WB0_V1.0.0, STM32Cube_FW_WBA_V1.4.1, STM32Cube_FW_WB_V1.20.0, STM32Cube_FW_WL_V1.3.0, X-CUBE-ALGOBUILD_V1.4.0, X-CUBE-ALS_V1.0.2, X-CUBE-AZRTOS-F4_V1.1.0, X-CUBE-AZRTOS-F7_V1.1.0, X-CUBE-AZRTOS-G0_V1.1.0, X-CUBE-AZRTOS-G4_V2.0.0, X-CUBE-AZRTOS-H7RS_V1.0.0, X-CUBE-AZRTOS-H7_V3.3.0, X-CUBE-AZRTOS-L4_V2.0.0, X-CUBE-AZRTOS-L5_V2.0.0, X-CUBE-AZRTOS-WB_V2.0.0, X-CUBE-AZRTOS-WL_V2.0.0, X-CUBE-BLE1_V7.0.0, X-CUBE-BLE2_V3.3.0, X-CUBE-BLEMGR_V3.1.0, X-CUBE-EEPRMA1_V5.1.0, X-CUBE-FREERTOS_V1.2.0, X-CUBE-GNSS1_V6.0.0, X-CUBE-MEMS1_V11.0.0, X-CUBE-NFC4_V3.0.0, X-CUBE-NFC7_V1.0.1, X-CUBE-SFXS2LP1_V4.0.0, X-CUBE-SUBG2_V5.0.0, X-CUBE-TOF1_V3.4.2]
2024-10-31 13:55:35,230 [INFO] DbExamples:130 - Found 8599 examples
2024-10-31 13:55:36,220 [ERROR] DbExamples:206 - Found 8599 examples with invalid data (board or MCU)
2024-10-31 13:55:36,221 [INFO] DbExamples:222 - Found 80 boards with related examples
2024-10-31 13:55:36,222 [INFO] DbExamples:235 - Found 0 MCUs with related examples
2024-10-31 13:55:36,257 [INFO] ApiDb:242 - User favorites file not found: C:\Users\Welcome/.stm32cubeide/favorites.examples.txt
2024-10-31 13:55:36,257 [INFO] DbExamples:256 - Set 0 / 0 favorites Examples
2024-10-31 13:55:36,725 [INFO] McuFinderGlobals:52 - Set McuFinderConnectedMode to false
2024-10-31 13:55:36,889 [INFO] CrossSelectorPresenter:1330 - Cross Selector saved comparison directory: C:\Users\Welcome\.stmcufinder\plugins\mcufinder\mcu\cs_comparisons_mx
2024-10-31 13:55:36,898 [INFO] MultiScanPanel:197 - Auto-refresh data requested => check proxy status ongoing
2024-10-31 13:55:36,898 [INFO] MultiScanPanel:201 - Proxy status is invalid
2024-10-31 13:55:36,903 [INFO] FinderPluginLoader:87 - Searching for filters in installed packs
2024-10-31 13:55:37,874 [INFO] DetailPanel:309 - Set advertising image to C:/Users/Welcome/STM32Cube/Repository/\en.prom-stm32c071-usb-memories-mcu-finder.png
2024-10-31 13:56:28,116 [INFO] MainUpdater:2671 - connection check result : 10
2024-10-31 13:56:28,116 [INFO] MainUpdater:2671 - connection check result : 10
2024-10-31 13:56:28,174 [INFO] MicroXplorer:448 - Change Database Path : 
2024-10-31 13:56:28,175 [INFO] MicroXplorer:478 - Change Database Version : DB.6.0.30
2024-10-31 13:56:28,176 [WARN] ThirdParty:813 - waiting for thirdparty lock release [close project]
2024-10-31 13:56:28,176 [INFO] ThirdParty:815 - entering critical section [close project]
2024-10-31 13:56:28,178 [INFO] ThirdParty:825 - exiting critical section [close project]
2024-10-31 13:56:28,185 [INFO] PinOutPanel:1463 - setPackage(No Configuration,No Configuration)
2024-10-31 13:56:28,186 [INFO] UtilMem:74 - Begin LoadConfig() Used Memory: 651159560 Bytes (757071872)
2024-10-31 13:56:28,187 [INFO] MicroXplorer:448 - Change Database Path : 
2024-10-31 13:56:28,187 [INFO] MicroXplorer:478 - Change Database Version : DB.6.0.30
2024-10-31 13:56:28,188 [INFO] OpenFileManager:313 - Change cursor
2024-10-31 13:56:29,524 [INFO] Context:592 - Trying to add GPIOservice into a context  which must be forbidden
2024-10-31 13:56:29,827 [INFO] ImportTextPane:167 - (OptionalMessage_ERROR) Unable to find key (Mcu.ThirdPartyNb) in loaded IOC file
2024-10-31 13:56:29,827 [INFO] ImportTextPane:167 - (OptionalMessage_ERROR) Unable to find key (Mcu.PinsNb) in loaded IOC file
2024-10-31 13:56:29,827 [INFO] ImportTextPane:167 - (OptionalMessage_ERROR) Unable to find key (Mcu.IPNb) in loaded IOC file
2024-10-31 13:56:29,881 [WARN] ApiManager:304 - Cannot register API 'Board Extension:NFC09A1' from pack STMicroelectronics.X-CUBE-NFC9.1.0.0: no header file found
2024-10-31 13:56:29,884 [WARN] ApiManager:304 - Cannot register API 'Board Extension:GNSS1A1' from pack STMicroelectronics.X-CUBE-GNSS1.6.0.0: no header file found
2024-10-31 13:56:29,884 [WARN] ApiManager:304 - Cannot register API 'Board Support:Custom' from pack STMicroelectronics.X-CUBE-GNSS1.6.0.0: no header file found
2024-10-31 13:56:29,884 [WARN] ApiManager:304 - Cannot register API 'Data Exchange:lib_gnss' from pack STMicroelectronics.X-CUBE-GNSS1.6.0.0: no header file found
2024-10-31 13:56:29,887 [WARN] ApiManager:304 - Cannot register API 'Wireless:STM32WB05N' from pack STMicroelectronics.X-CUBE-WB05N.1.1.0: no header file found
2024-10-31 13:56:29,890 [WARN] ApiManager:304 - Cannot register API 'Board Extension:GNSS1A1' from pack STMicroelectronics.X-CUBE-GNSS1.7.0.0: no header file found
2024-10-31 13:56:29,890 [WARN] ApiManager:304 - Cannot register API 'Board Support:Custom' from pack STMicroelectronics.X-CUBE-GNSS1.7.0.0: no header file found
2024-10-31 13:56:29,890 [WARN] ApiManager:304 - Cannot register API 'Data Exchange:lib_gnss' from pack STMicroelectronics.X-CUBE-GNSS1.7.0.0: no header file found
2024-10-31 13:56:29,900 [WARN] ApiManager:304 - Cannot register API 'Board Extension:NFC06A1' from pack STMicroelectronics.X-CUBE-NFC6.3.1.0: no header file found
2024-10-31 13:56:29,900 [WARN] ApiManager:304 - Cannot register API 'Board Extension:NFC08A1' from pack STMicroelectronics.X-CUBE-NFC6.3.1.0: no header file found
2024-10-31 13:56:30,154 [WARN] ApiManager:304 - Cannot register API 'Board Extension:IKS01A3' from pack STMicroelectronics.X-CUBE-MEMS1.11.0.0: no header file found
2024-10-31 13:56:30,154 [WARN] ApiManager:304 - Cannot register API 'Board Extension:IKS02A1' from pack STMicroelectronics.X-CUBE-MEMS1.11.0.0: no header file found
2024-10-31 13:56:30,154 [WARN] ApiManager:304 - Cannot register API 'Board Extension:IKS4A1' from pack STMicroelectronics.X-CUBE-MEMS1.11.0.0: no header file found
2024-10-31 13:56:30,165 [INFO] RtosManager:484 - Registered RTOS mode: class=CMSIS, group=RTOS, mode=CMSIS_V1, owner=FREERTOS
2024-10-31 13:56:30,165 [INFO] RtosManager:484 - Registered RTOS mode: class=CMSIS, group=RTOS2, mode=CMSIS_V2, owner=FREERTOS
2024-10-31 13:56:30,165 [INFO] RtosManager:484 - Registered RTOS mode: class=RTOS, group=Core, mode=CMSIS_V1, owner=FREERTOS
2024-10-31 13:56:30,165 [INFO] RtosManager:484 - Registered RTOS mode: class=RTOS, group=Core, mode=CMSIS_V2, owner=FREERTOS
2024-10-31 13:56:30,165 [WARN] ModelIntegratedComponent:181 - Missing modes for component STMicroelectronics:FreeRTOS:0.0.1:STMicroelectronics:RTOS:FreeRTOS:Core:::10.2.0:
2024-10-31 13:56:30,167 [WARN] ApiManager:304 - Cannot register API 'Board Extension:STSAFEA1' from pack STMicroelectronics.X-CUBE-SAFEA1.1.2.2: no header file found
2024-10-31 13:56:30,167 [WARN] ApiManager:304 - Cannot register API 'Board Part:STSAFEA110' from pack STMicroelectronics.X-CUBE-SAFEA1.1.2.2: no header file found
2024-10-31 13:56:30,167 [WARN] ApiManager:304 - Cannot register API 'Security:ST_Cryptolib' from pack STMicroelectronics.X-CUBE-SAFEA1.1.2.2: no header file found
2024-10-31 13:56:30,167 [WARN] ApiManager:304 - Cannot register API 'Security:MbedTLS' from pack STMicroelectronics.X-CUBE-SAFEA1.1.2.2: no header file found
2024-10-31 13:56:30,168 [WARN] ApiManager:304 - Cannot register API 'Board Extension:NFC04A1' from pack STMicroelectronics.X-CUBE-NFC4.3.0.0: no header file found
2024-10-31 13:56:30,172 [WARN] ApiManager:304 - Cannot register API 'Board Extension:S2868A1' from pack STMicroelectronics.X-CUBE-SUBG2.5.0.0: no header file found
2024-10-31 13:56:30,173 [WARN] ApiManager:304 - Cannot register API 'Board Extension:S2868A2' from pack STMicroelectronics.X-CUBE-SUBG2.5.0.0: no header file found
2024-10-31 13:56:30,173 [WARN] ApiManager:304 - Cannot register API 'Board Extension:S2915A1' from pack STMicroelectronics.X-CUBE-SUBG2.5.0.0: no header file found
2024-10-31 13:56:30,175 [WARN] ApiManager:304 - Cannot register API 'Wireless:BlueNRG-MS' from pack STMicroelectronics.X-CUBE-BLE1.7.0.0: no header file found
2024-10-31 13:56:30,176 [WARN] ApiManager:304 - Cannot register API 'Board Extension:NFC10A1' from pack STMicroelectronics.X-CUBE-NFC10.1.0.0: no header file found
2024-10-31 13:56:30,179 [WARN] ApiManager:304 - Cannot register API 'Board Extension:EEPRMA2' from pack STMicroelectronics.X-CUBE-EEPRMA1.5.1.0: no header file found
2024-10-31 13:56:30,179 [WARN] ApiManager:304 - Cannot register API 'Board Extension:PGEEZ1' from pack STMicroelectronics.X-CUBE-EEPRMA1.5.1.0: no header file found
2024-10-31 13:56:30,179 [WARN] ApiManager:304 - Cannot register API 'Board Extension:EEICA1' from pack STMicroelectronics.X-CUBE-EEPRMA1.5.1.0: no header file found
2024-10-31 13:56:30,179 [WARN] ApiManager:304 - Cannot register API 'Board Part:M24' from pack STMicroelectronics.X-CUBE-EEPRMA1.5.1.0: no header file found
2024-10-31 13:56:30,179 [WARN] ApiManager:304 - Cannot register API 'Board Part:M95' from pack STMicroelectronics.X-CUBE-EEPRMA1.5.1.0: no header file found
2024-10-31 13:56:30,179 [WARN] ApiManager:304 - Cannot register API 'Board Part:M95P32' from pack STMicroelectronics.X-CUBE-EEPRMA1.5.1.0: no header file found
2024-10-31 13:56:30,179 [WARN] ApiManager:304 - Cannot register API 'Board Part:M24256E-F' from pack STMicroelectronics.X-CUBE-EEPRMA1.5.1.0: no header file found
2024-10-31 13:56:30,180 [WARN] ApiManager:304 - Cannot register API 'Board Part:M24M01E-F' from pack STMicroelectronics.X-CUBE-EEPRMA1.5.1.0: no header file found
2024-10-31 13:56:30,180 [WARN] ApiManager:304 - Cannot register API 'PGEEZ1:SPI' from pack STMicroelectronics.X-CUBE-EEPRMA1.5.1.0: no header file found
2024-10-31 13:56:30,180 [WARN] ApiManager:304 - Cannot register API 'PGEEZ1:QDSPI' from pack STMicroelectronics.X-CUBE-EEPRMA1.5.1.0: no header file found
2024-10-31 13:56:30,182 [WARN] ModelIntegratedComponent:60 - No mode defined for component null
2024-10-31 13:56:30,182 [WARN] ModelIntegratedComponent:60 - No mode defined for component null
2024-10-31 13:56:30,182 [WARN] ModelIntegratedComponent:60 - No mode defined for component null
2024-10-31 13:56:30,182 [WARN] ModelIntegratedComponent:60 - No mode defined for component null
2024-10-31 13:56:30,182 [WARN] ModelIntegratedComponent:60 - No mode defined for component null
2024-10-31 13:56:30,182 [WARN] ModelIntegratedComponent:60 - No mode defined for component null
2024-10-31 13:56:30,182 [WARN] ModelIntegratedComponent:60 - No mode defined for component null
2024-10-31 13:56:30,182 [WARN] ModelIntegratedComponent:60 - No mode defined for component null
2024-10-31 13:56:30,182 [WARN] ModelIntegratedComponent:60 - No mode defined for component null
2024-10-31 13:56:30,182 [WARN] ModelIntegratedComponent:60 - No mode defined for component null
2024-10-31 13:56:30,182 [WARN] ModelIntegratedComponent:60 - No mode defined for component null
2024-10-31 13:56:30,183 [WARN] ModelIntegratedComponent:60 - No mode defined for component null
2024-10-31 13:56:30,183 [WARN] ModelIntegratedComponent:60 - No mode defined for component null
2024-10-31 13:56:30,183 [WARN] ModelIntegratedComponent:60 - No mode defined for component null
2024-10-31 13:56:30,183 [WARN] ModelIntegratedComponent:60 - No mode defined for component null
2024-10-31 13:56:30,183 [WARN] ModelIntegratedComponent:60 - No mode defined for component null
2024-10-31 13:56:30,183 [WARN] ModelIntegratedComponent:60 - No mode defined for component null
2024-10-31 13:56:30,183 [WARN] ModelIntegratedComponent:60 - No mode defined for component null
2024-10-31 13:56:30,183 [WARN] ModelIntegratedComponent:60 - No mode defined for component null
2024-10-31 13:56:30,183 [WARN] ModelIntegratedComponent:60 - No mode defined for component null
2024-10-31 13:56:30,183 [WARN] ModelIntegratedComponent:60 - No mode defined for component null
2024-10-31 13:56:30,183 [WARN] ModelIntegratedComponent:60 - No mode defined for component null
2024-10-31 13:56:30,183 [WARN] ModelIntegratedComponent:60 - No mode defined for component null
2024-10-31 13:56:30,183 [WARN] ModelIntegratedComponent:60 - No mode defined for component null
2024-10-31 13:56:30,183 [WARN] ModelIntegratedComponent:60 - No mode defined for component null
2024-10-31 13:56:30,183 [WARN] ModelIntegratedComponent:60 - No mode defined for component null
2024-10-31 13:56:30,183 [WARN] ModelIntegratedComponent:60 - No mode defined for component null
2024-10-31 13:56:30,183 [WARN] ModelIntegratedComponent:60 - No mode defined for component null
2024-10-31 13:56:30,183 [WARN] ModelIntegratedComponent:60 - No mode defined for component null
2024-10-31 13:56:30,183 [WARN] ModelIntegratedComponent:60 - No mode defined for component null
2024-10-31 13:56:30,183 [WARN] ModelIntegratedComponent:60 - No mode defined for component null
2024-10-31 13:56:30,184 [WARN] ApiManager:304 - Cannot register API 'Board Extension:NFC07A1' from pack STMicroelectronics.X-CUBE-NFC7.1.0.1: no header file found
2024-10-31 13:56:30,195 [WARN] ApiManager:304 - Cannot register API 'Board Extension:S2868A1' from pack STMicroelectronics.X-CUBE-SFXS2LP1.4.0.0: no header file found
2024-10-31 13:56:30,195 [WARN] ApiManager:304 - Cannot register API 'Board Extension:S2868A2' from pack STMicroelectronics.X-CUBE-SFXS2LP1.4.0.0: no header file found
2024-10-31 13:56:30,195 [WARN] ApiManager:304 - Cannot register API 'Board Extension:S2915A1' from pack STMicroelectronics.X-CUBE-SFXS2LP1.4.0.0: no header file found
2024-10-31 13:56:30,196 [WARN] ApiManager:304 - Cannot register API 'Wireless:BlueNRG-2' from pack STMicroelectronics.X-CUBE-BLE2.3.3.0: no header file found
2024-10-31 13:56:33,664 [INFO] UtilMem:74 - End LoadConfig() Used Memory: 644208112 Bytes (783286272)
2024-10-31 13:56:33,676 [WARN] ThirdParty:779 - waiting for thirdparty lock release [change project]
2024-10-31 13:56:33,676 [INFO] ThirdParty:781 - entering critical section [change project]
2024-10-31 13:56:33,676 [INFO] ThirdParty:967 - CMSIS Pack Vendor :STMicroelectronics X-CUBE-AZRTOS-H7 3.3.0
2024-10-31 13:56:33,676 [INFO] ThirdParty:967 - CMSIS Pack Vendor :STMicroelectronics X-CUBE-NFC9 1.0.0
2024-10-31 13:56:33,676 [INFO] ThirdParty:967 - CMSIS Pack Vendor :STMicroelectronics X-CUBE-GNSS1 6.0.0
2024-10-31 13:56:33,676 [INFO] ThirdParty:967 - CMSIS Pack Vendor :STMicroelectronics USB_HOST 2.0.0
2024-10-31 13:56:33,677 [INFO] ThirdParty:967 - CMSIS Pack Vendor :STMicroelectronics X-CUBE-AZRTOS-F4 1.1.0
2024-10-31 13:56:33,677 [INFO] ThirdParty:967 - CMSIS Pack Vendor :STMicroelectronics X-CUBE-WB05N 1.1.0
2024-10-31 13:56:33,677 [INFO] ThirdParty:967 - CMSIS Pack Vendor :STMicroelectronics USB_DEVICE 3.0.0
2024-10-31 13:56:33,677 [INFO] ThirdParty:967 - CMSIS Pack Vendor :STMicroelectronics X-CUBE-AZRTOS-WB 2.0.0
2024-10-31 13:56:33,677 [INFO] ThirdParty:967 - CMSIS Pack Vendor :STMicroelectronics X-CUBE-GNSS1 7.0.0
2024-10-31 13:56:33,677 [INFO] ThirdParty:967 - CMSIS Pack Vendor :STMicroelectronics X-CUBE-AZRTOS-F7 1.1.0
2024-10-31 13:56:33,678 [INFO] ThirdParty:967 - CMSIS Pack Vendor :STMicroelectronics X-CUBE-AZRTOS-L5 2.0.0
2024-10-31 13:56:33,678 [INFO] ThirdParty:967 - CMSIS Pack Vendor :STMicroelectronics USB_DEVICE 2.0.0
2024-10-31 13:56:33,678 [INFO] ThirdParty:967 - CMSIS Pack Vendor :STMicroelectronics X-CUBE-NFC6 3.1.0
2024-10-31 13:56:33,678 [INFO] ThirdParty:967 - CMSIS Pack Vendor :STMicroelectronics X-CUBE-MEMS1 11.0.0
2024-10-31 13:56:33,678 [INFO] ThirdParty:967 - CMSIS Pack Vendor :STMicroelectronics FreeRTOS 0.0.1
2024-10-31 13:56:33,678 [INFO] ThirdParty:967 - CMSIS Pack Vendor :STMicroelectronics X-CUBE-AZRTOS-G0 1.1.0
2024-10-31 13:56:33,678 [INFO] ThirdParty:967 - CMSIS Pack Vendor :STMicroelectronics X-CUBE-SAFEA1 1.2.2
2024-10-31 13:56:33,678 [INFO] ThirdParty:967 - CMSIS Pack Vendor :STMicroelectronics X-CUBE-NFC4 3.0.0
2024-10-31 13:56:33,678 [INFO] ThirdParty:967 - CMSIS Pack Vendor :STMicroelectronics X-CUBE-SUBG2 5.0.0
2024-10-31 13:56:33,678 [INFO] ThirdParty:967 - CMSIS Pack Vendor :STMicroelectronics lwIP 2.0.3
2024-10-31 13:56:33,678 [INFO] ThirdParty:967 - CMSIS Pack Vendor :STMicroelectronics USB_HOST 1.0.0
2024-10-31 13:56:33,678 [INFO] ThirdParty:967 - CMSIS Pack Vendor :STMicroelectronics X-CUBE-AI 9.0.0
2024-10-31 13:56:33,679 [INFO] ThirdParty:967 - CMSIS Pack Vendor :STMicroelectronics X-CUBE-AZRTOS-G4 2.0.0
2024-10-31 13:56:33,679 [INFO] ThirdParty:967 - CMSIS Pack Vendor :STMicroelectronics PDM2PCM 3.1.0
2024-10-31 13:56:33,679 [INFO] ThirdParty:967 - CMSIS Pack Vendor :STMicroelectronics PDM2PCM 3.3.0
2024-10-31 13:56:33,679 [INFO] ThirdParty:967 - CMSIS Pack Vendor :STMicroelectronics X-CUBE-BLE1 7.0.0
2024-10-31 13:56:33,679 [INFO] ThirdParty:967 - CMSIS Pack Vendor :STMicroelectronics FP-ATR-SIGFOX1 3.2.0
2024-10-31 13:56:33,679 [INFO] ThirdParty:967 - CMSIS Pack Vendor :STMicroelectronics X-CUBE-NFC10 1.0.0
2024-10-31 13:56:33,679 [INFO] ThirdParty:967 - CMSIS Pack Vendor :wolfSSL I-CUBE-wolfSSL 5.7.2
2024-10-31 13:56:33,679 [INFO] ThirdParty:967 - CMSIS Pack Vendor :STMicroelectronics X-CUBE-ISPU 2.0.0
2024-10-31 13:56:33,679 [INFO] ThirdParty:967 - CMSIS Pack Vendor :STMicroelectronics X-CUBE-EEPRMA1 5.1.0
2024-10-31 13:56:33,679 [INFO] ThirdParty:967 - CMSIS Pack Vendor :STMicroelectronics HAL Drivers 0.0.0
2024-10-31 13:56:33,679 [INFO] ThirdParty:967 - CMSIS Pack Vendor :STMicroelectronics MBEDTLS 2.16.2
2024-10-31 13:56:33,679 [INFO] ThirdParty:967 - CMSIS Pack Vendor :STMicroelectronics X-CUBE-NFC7 1.0.1
2024-10-31 13:56:33,679 [INFO] ThirdParty:967 - CMSIS Pack Vendor :STMicroelectronics MBEDTLS 2.14.1
2024-10-31 13:56:33,679 [INFO] ThirdParty:967 - CMSIS Pack Vendor :STMicroelectronics X-CUBE-TOUCHGFX 4.24.0
2024-10-31 13:56:33,679 [INFO] ThirdParty:967 - CMSIS Pack Vendor :STMicroelectronics X-CUBE-TOUCHGFX 4.24.1
2024-10-31 13:56:33,680 [INFO] ThirdParty:967 - CMSIS Pack Vendor :wolfSSL I-CUBE-wolfTPM 3.4.0
2024-10-31 13:56:33,680 [INFO] ThirdParty:967 - CMSIS Pack Vendor :portGmbH I-Cube-SoM-uGOAL 1.1.0
2024-10-31 13:56:33,680 [INFO] ThirdParty:967 - CMSIS Pack Vendor :STMicroelectronics X-CUBE-AZRTOS-WL 2.0.0
2024-10-31 13:56:33,680 [INFO] ThirdParty:967 - CMSIS Pack Vendor :SEGGER I-CUBE-embOS 1.3.1
2024-10-31 13:56:33,680 [INFO] ThirdParty:967 - CMSIS Pack Vendor :STMicroelectronics X-CUBE-ALGOBUILD 1.4.0
2024-10-31 13:56:33,680 [INFO] ThirdParty:967 - CMSIS Pack Vendor :STMicroelectronics USB_DEVICE 1.0.0
2024-10-31 13:56:33,680 [INFO] ThirdParty:967 - CMSIS Pack Vendor :STMicroelectronics X-CUBE-AZRTOS-H7RS 1.0.0
2024-10-31 13:56:33,680 [INFO] ThirdParty:967 - CMSIS Pack Vendor :wolfSSL I-CUBE-wolfMQTT 1.19.0
2024-10-31 13:56:33,680 [INFO] ThirdParty:967 - CMSIS Pack Vendor :STMicroelectronics X-CUBE-AZRTOS-L4 2.0.0
2024-10-31 13:56:33,680 [INFO] ThirdParty:967 - CMSIS Pack Vendor :STMicroelectronics ThreadX 0.0.2
2024-10-31 13:56:33,680 [INFO] ThirdParty:967 - CMSIS Pack Vendor :WES I-CUBE-Cesium 1.3.0
2024-10-31 13:56:33,680 [INFO] ThirdParty:967 - CMSIS Pack Vendor :STMicroelectronics FP-ATR-ASTRA1 2.0.0
2024-10-31 13:56:33,680 [INFO] ThirdParty:967 - CMSIS Pack Vendor :STMicroelectronics lwIP 2.1.2
2024-10-31 13:56:33,680 [INFO] ThirdParty:967 - CMSIS Pack Vendor :STMicroelectronics X-CUBE-SFXS2LP1 4.0.0
2024-10-31 13:56:33,680 [INFO] ThirdParty:967 - CMSIS Pack Vendor :STMicroelectronics X-CUBE-BLE2 3.3.0
2024-10-31 13:56:33,681 [INFO] ThirdParty:967 - CMSIS Pack Vendor :STMicroelectronics X-CUBE-AI 9.1.0
2024-10-31 13:56:33,681 [INFO] ThirdParty:967 - CMSIS Pack Vendor :STMicroelectronics PDM2PCM 3.2.0
2024-10-31 13:56:33,681 [INFO] ThirdParty:967 - CMSIS Pack Vendor :wolfSSL I-CUBE-wolfSSH 1.4.17
2024-10-31 13:56:33,681 [INFO] ThirdParty:787 - exiting critical section [change project]
2024-10-31 13:56:33,947 [INFO] PinOutPanel:1463 - setPackage(No Configuration,No Configuration)
2024-10-31 13:56:33,948 [INFO] PinOutPanel:1463 - setPackage(STM32F103C6Ux,UFQFPN48)
2024-10-31 13:56:34,465 [INFO] UtilMem:74 - Before build in PCC Used Memory: 656897200 Bytes (783286272)
2024-10-31 13:56:35,410 [INFO] UtilMem:74 - After build in PCC Used Memory: 720046040 Bytes (783286272)
2024-10-31 13:56:35,453 [INFO] IPUIPlugin:74 - create IPUIPlugin
2024-10-31 13:56:35,454 [INFO] IPUIPlugin:74 - create IPUIPlugin
2024-10-31 13:56:35,454 [INFO] IPUIPlugin:74 - create IPUIPlugin
2024-10-31 13:56:35,471 [INFO] IPUIPlugin:74 - create IPUIPlugin
2024-10-31 13:56:35,472 [INFO] IPUIPlugin:74 - create IPUIPlugin
2024-10-31 13:56:35,473 [INFO] IPUIPlugin:74 - create IPUIPlugin
2024-10-31 13:56:35,474 [INFO] IPUIPlugin:74 - create IPUIPlugin
2024-10-31 13:56:35,474 [INFO] IPUIPlugin:74 - create IPUIPlugin
2024-10-31 13:56:35,474 [INFO] IPUIPlugin:74 - create IPUIPlugin
2024-10-31 13:56:35,474 [INFO] IPUIPlugin:74 - create IPUIPlugin
2024-10-31 13:56:35,474 [INFO] IPUIPlugin:74 - create IPUIPlugin
2024-10-31 13:56:35,474 [INFO] IPUIPlugin:74 - create IPUIPlugin
2024-10-31 13:56:35,474 [INFO] IPUIPlugin:74 - create IPUIPlugin
2024-10-31 13:56:35,476 [INFO] IPUIPlugin:74 - create IPUIPlugin
2024-10-31 13:56:35,477 [INFO] IPUIPlugin:74 - create IPUIPlugin
2024-10-31 13:56:35,477 [INFO] IPUIPlugin:74 - create IPUIPlugin
2024-10-31 13:56:35,486 [INFO] IPUIPlugin:74 - create IPUIPlugin
2024-10-31 13:56:35,486 [INFO] IPUIPlugin:74 - create IPUIPlugin
2024-10-31 13:56:35,487 [INFO] IPUIPlugin:74 - create IPUIPlugin
2024-10-31 13:56:35,487 [INFO] IPUIPlugin:74 - create IPUIPlugin
2024-10-31 13:56:35,488 [INFO] IPUIPlugin:74 - create IPUIPlugin
2024-10-31 13:56:35,489 [INFO] IPUIPlugin:74 - create IPUIPlugin
2024-10-31 13:56:35,489 [INFO] IPUIPlugin:74 - create IPUIPlugin
2024-10-31 13:56:35,684 [INFO] OpenFileManager:333 - Restore cursor
2024-10-31 13:56:36,072 [INFO] UtilMem:74 - End SaveConfig() Used Memory: 721893112 Bytes (783286272)
2024-10-31 13:56:36,193 [INFO] UtilMem:74 - End SaveConfig() Used Memory: 695512896 Bytes (783286272)
2024-10-31 13:56:37,179 [INFO] BlockDiagram:2740 - set Specific Code input for plugin: NVIC
2024-10-31 13:56:37,179 [INFO] BlockDiagram:2740 - set Specific Code input for plugin: SYS
2024-10-31 13:56:37,180 [INFO] BlockDiagram:2740 - set Specific Code input for plugin: RCC
2024-10-31 13:56:37,181 [INFO] CodeGenerator:663 - code generatio: config db path: C:\ST\STM32CubeIDE_1.7.0\STM32CubeIDE\plugins\com.st.stm32cube.common.mx_6.3.0.202107141111\\db\
2024-10-31 13:56:37,682 [INFO] CodeEngine:239 - oldGeneratedFile, D:\VXL\GIT_STM32_LAB3\Lab3\MXTmpFiles\license.tmp_save
2024-10-31 13:56:38,326 [INFO] CodeEngine:257 - Generated code: D:\VXL\GIT_STM32_LAB3\Lab3\MXTmpFiles\license.tmp
2024-10-31 13:56:38,553 [INFO] CodeEngine:239 - oldGeneratedFile, D:\VXL\GIT_STM32_LAB3\Lab3\Core\Src\stm32f1xx_it.c_save
2024-10-31 13:56:38,813 [INFO] CodeEngine:257 - Generated code: D:\VXL\GIT_STM32_LAB3\Lab3\Core\Src\stm32f1xx_it.c
2024-10-31 13:56:38,833 [INFO] CodeEngine:239 - oldGeneratedFile, D:\VXL\GIT_STM32_LAB3\Lab3\Core\Inc\stm32f1xx_it.h_save
2024-10-31 13:56:38,966 [INFO] CodeEngine:257 - Generated code: D:\VXL\GIT_STM32_LAB3\Lab3\Core\Inc\stm32f1xx_it.h
2024-10-31 13:56:39,013 [INFO] CodeEngine:239 - oldGeneratedFile, D:\VXL\GIT_STM32_LAB3\Lab3\Core\Src\stm32f1xx_hal_msp.c_save
2024-10-31 13:56:39,317 [INFO] CodeEngine:257 - Generated code: D:\VXL\GIT_STM32_LAB3\Lab3\Core\Src\stm32f1xx_hal_msp.c
2024-10-31 13:56:39,336 [INFO] CodeEngine:239 - oldGeneratedFile, D:\VXL\GIT_STM32_LAB3\Lab3\MXTmpFiles\system.tmp_save
2024-10-31 13:56:39,496 [INFO] CodeEngine:257 - Generated code: D:\VXL\GIT_STM32_LAB3\Lab3\MXTmpFiles\system.tmp
2024-10-31 13:56:39,549 [INFO] CodeEngine:239 - oldGeneratedFile, D:\VXL\GIT_STM32_LAB3\Lab3\Core\Inc\stm32f1xx_hal_conf.h_save
2024-10-31 13:56:39,943 [INFO] CodeEngine:257 - Generated code: D:\VXL\GIT_STM32_LAB3\Lab3\Core\Inc\stm32f1xx_hal_conf.h
2024-10-31 13:56:40,098 [INFO] CodeEngine:239 - oldGeneratedFile, D:\VXL\GIT_STM32_LAB3\Lab3\Core\Inc\main.h_save
2024-10-31 13:56:40,312 [INFO] CodeEngine:257 - Generated code: D:\VXL\GIT_STM32_LAB3\Lab3\Core\Inc\main.h
2024-10-31 13:56:40,330 [INFO] CodeEngine:239 - oldGeneratedFile, D:\VXL\GIT_STM32_LAB3\Lab3\Core\Src\main.c_save
2024-10-31 13:56:40,594 [INFO] CodeEngine:257 - Generated code: D:\VXL\GIT_STM32_LAB3\Lab3\Core\Src\main.c
2024-10-31 13:56:42,380 [INFO] ProjectBuilder:2578 - Time for Copy HAL[1] : 150mS.
2024-10-31 13:56:42,387 [INFO] ProjectBuilder:3622 - Project Generator version: 3.14.1
2024-10-31 13:56:44,915 [INFO] ConfigFileManager:1271 - The Die is : DIE412
2024-10-31 13:56:44,978 [INFO] ApiDbMcu:468 - Load IP Config File for FATFS
2024-10-31 13:56:45,033 [INFO] ApiDbMcu:468 - Load IP Config File for FREERTOS
2024-10-31 13:56:45,086 [INFO] ApiDbMcu:468 - Load IP Config File for USB_DEVICE
2024-10-31 13:56:55,788 [INFO] ProjectBuilder:3789 - Time for Generating toolchain IDE Files: 13401mS.
2024-10-31 13:56:55,789 [INFO] ProjectBuilder:2457 - Time for Copy CMSIS : 1mS.
2024-10-31 13:56:55,794 [INFO] ProjectBuilder:2457 - Time for Copy CMSIS : 0mS.
2024-10-31 13:56:57,462 [INFO] McuFinderGlobals:52 - Set McuFinderConnectedMode to true
2024-10-31 13:56:57,465 [INFO] ApiDb:276 - Save user favorites file C:\Users\Welcome/.stm32cubeide/favorites.mcus.txt: 0 item(s)
2024-10-31 13:56:57,465 [INFO] ApiDb:280 - User favorites MCUs=[]
2024-10-31 14:01:34,850 [INFO] SetLabelOnPin:377 - Can not restore dialog size for Dialog.
2024-10-31 14:02:05,305 [INFO] NvicIntPanel:96 - NVIC parent = com.st.microxplorer.plugins.ip.nvic.MultiNvicIntPanel[,0,0,450x147,layout=javax.swing.BoxLayout,alignmentX=0.0,alignmentY=0.0,border=,flags=9,maximumSize=,minimumSize=,preferredSize=]
2024-10-31 14:02:08,942 [INFO] NvicIntPanel:96 - NVIC parent = com.st.microxplorer.plugins.ip.nvic.MultiNvicIntPanel[,0,0,0x0,invalid,layout=javax.swing.BoxLayout,alignmentX=0.0,alignmentY=0.0,border=,flags=9,maximumSize=,minimumSize=,preferredSize=]
2024-10-31 14:03:23,762 [INFO] NvicIntPanel:96 - NVIC parent = com.st.microxplorer.plugins.ip.nvic.MultiNvicIntPanel[,0,0,450x147,layout=javax.swing.BoxLayout,alignmentX=0.0,alignmentY=0.0,border=,flags=9,maximumSize=,minimumSize=,preferredSize=]
2024-10-31 14:10:04,395 [INFO] NvicIntPanel:96 - NVIC parent = com.st.microxplorer.plugins.ip.nvic.MultiNvicIntPanel[,0,0,0x0,invalid,layout=javax.swing.BoxLayout,alignmentX=0.0,alignmentY=0.0,border=,flags=9,maximumSize=,minimumSize=,preferredSize=]
2024-10-31 14:10:43,247 [INFO] Gpio:254 - dependency for GPIO []
2024-10-31 14:11:09,801 [INFO] UtilMem:74 - End SaveConfig() Used Memory: 830673608 Bytes (1073741824)
2024-10-31 14:11:11,184 [INFO] UtilMem:74 - End SaveConfig() Used Memory: 856888008 Bytes (1073741824)
2024-10-31 14:11:13,145 [INFO] UtilMem:74 - End SaveConfig() Used Memory: 855235000 Bytes (1073741824)
2024-10-31 14:11:13,535 [INFO] BlockDiagram:2740 - set Specific Code input for plugin: NVIC
2024-10-31 14:11:13,536 [INFO] BlockDiagram:2740 - set Specific Code input for plugin: SYS
2024-10-31 14:11:13,536 [INFO] BlockDiagram:2740 - set Specific Code input for plugin: GPIO
2024-10-31 14:11:13,536 [INFO] BlockDiagram:2740 - set Specific Code input for plugin: RCC
2024-10-31 14:11:13,536 [INFO] BlockDiagram:2740 - set Specific Code input for plugin: TIM1_8F1
2024-10-31 14:11:13,536 [INFO] CodeGenerator:663 - code generatio: config db path: C:\ST\STM32CubeIDE_1.7.0\STM32CubeIDE\plugins\com.st.stm32cube.common.mx_6.3.0.202107141111\\db\
2024-10-31 14:11:13,938 [INFO] CodeEngine:239 - oldGeneratedFile, D:\VXL\GIT_STM32_LAB3\Lab3\MXTmpFiles\license.tmp_save
2024-10-31 14:11:14,071 [INFO] CodeEngine:257 - Generated code: D:\VXL\GIT_STM32_LAB3\Lab3\MXTmpFiles\license.tmp
2024-10-31 14:11:14,164 [INFO] CodeEngine:239 - oldGeneratedFile, D:\VXL\GIT_STM32_LAB3\Lab3\MXTmpFiles\gpio.tmp_save
2024-10-31 14:11:14,256 [INFO] CodeEngine:257 - Generated code: D:\VXL\GIT_STM32_LAB3\Lab3\MXTmpFiles\gpio.tmp
2024-10-31 14:11:14,532 [INFO] CodeEngine:239 - oldGeneratedFile, D:\VXL\GIT_STM32_LAB3\Lab3\Core\Src\stm32f1xx_it.c_save
2024-10-31 14:11:14,655 [INFO] CodeEngine:257 - Generated code: D:\VXL\GIT_STM32_LAB3\Lab3\Core\Src\stm32f1xx_it.c
2024-10-31 14:11:14,659 [INFO] CodeEngine:239 - oldGeneratedFile, D:\VXL\GIT_STM32_LAB3\Lab3\Core\Inc\stm32f1xx_it.h_save
2024-10-31 14:11:14,766 [INFO] CodeEngine:257 - Generated code: D:\VXL\GIT_STM32_LAB3\Lab3\Core\Inc\stm32f1xx_it.h
2024-10-31 14:11:14,784 [INFO] CodeEngine:239 - oldGeneratedFile, D:\VXL\GIT_STM32_LAB3\Lab3\Core\Src\stm32f1xx_hal_msp.c_save
2024-10-31 14:11:14,920 [INFO] CodeEngine:257 - Generated code: D:\VXL\GIT_STM32_LAB3\Lab3\Core\Src\stm32f1xx_hal_msp.c
2024-10-31 14:11:14,923 [INFO] CodeEngine:239 - oldGeneratedFile, D:\VXL\GIT_STM32_LAB3\Lab3\MXTmpFiles\system.tmp_save
2024-10-31 14:11:14,974 [INFO] CodeEngine:257 - Generated code: D:\VXL\GIT_STM32_LAB3\Lab3\MXTmpFiles\system.tmp
2024-10-31 14:11:14,990 [INFO] CodeEngine:239 - oldGeneratedFile, D:\VXL\GIT_STM32_LAB3\Lab3\Core\Inc\stm32f1xx_hal_conf.h_save
2024-10-31 14:11:15,091 [INFO] CodeEngine:257 - Generated code: D:\VXL\GIT_STM32_LAB3\Lab3\Core\Inc\stm32f1xx_hal_conf.h
2024-10-31 14:11:15,108 [WARN] IPConfigManager:3148 - IP not found : TIM
2024-10-31 14:11:15,109 [WARN] CodeGenerator:3268 - IP not found : null
2024-10-31 14:11:15,125 [INFO] CodeEngine:239 - oldGeneratedFile, D:\VXL\GIT_STM32_LAB3\Lab3\Core\Inc\main.h_save
2024-10-31 14:11:15,203 [INFO] CodeEngine:257 - Generated code: D:\VXL\GIT_STM32_LAB3\Lab3\Core\Inc\main.h
2024-10-31 14:11:15,213 [INFO] CodeEngine:239 - oldGeneratedFile, D:\VXL\GIT_STM32_LAB3\Lab3\Core\Src\main.c_save
2024-10-31 14:11:15,328 [INFO] CodeEngine:257 - Generated code: D:\VXL\GIT_STM32_LAB3\Lab3\Core\Src\main.c
2024-10-31 14:11:16,782 [INFO] ProjectBuilder:2578 - Time for Copy HAL[1] : 95mS.
2024-10-31 14:11:16,784 [INFO] ProjectBuilder:3622 - Project Generator version: 3.14.1
2024-10-31 14:11:17,314 [INFO] ConfigFileManager:1271 - The Die is : DIE412
2024-10-31 14:11:21,574 [INFO] ProjectBuilder:3789 - Time for Generating toolchain IDE Files: 4790mS.
2024-10-31 14:11:21,575 [INFO] ProjectBuilder:2457 - Time for Copy CMSIS : 0mS.
2024-10-31 14:11:21,575 [INFO] ProjectBuilder:2457 - Time for Copy CMSIS : 0mS.
